<?xml version="1.0" encoding="UTF-8"?>
<testsuites name="nextest-run" tests="2009" failures="0" errors="0" uuid="e316ca81-f896-4f7c-b526-76c3c8a3fc51" timestamp="2025-06-05T16:49:33.496+00:00" time="2655.321">
    <testsuite name="@setup-script:crdb-seed" tests="1" disabled="0" errors="0" failures="0">
        <properties>
            <property name="command" value="cargo"/>
            <property name="args" value="run -p crdb-seed --profile test"/>
            <property name="output-env:CRDB_SEED_TAR" value="/var/tmp/omicron_tmp/crdb-base-build/bd6a639e4a5e4069c11aa7a8bc3360091bb8f2e617e8a702e1d913dea7fd8838.tar"/>
        </properties>
        <testcase name="crdb-seed" classname="@setup-script:crdb-seed" timestamp="2025-06-05T16:49:33.501+00:00" time="25.965">
            <system-out>(stdout not captured)</system-out>
            <system-err>(stderr not captured)</system-err>
        </testcase>
    </testsuite>
    <testsuite name="@setup-script:clickhouse-cluster" tests="1" disabled="0" errors="0" failures="0">
        <properties>
            <property name="command" value="cargo"/>
            <property name="args" value="run -p clickhouse-cluster-dev"/>
        </properties>
        <testcase name="clickhouse-cluster" classname="@setup-script:clickhouse-cluster" timestamp="2025-06-05T16:49:59.466+00:00" time="13.634">
            <system-out>(stdout not captured)</system-out>
            <system-err>(stderr not captured)</system-err>
        </testcase>
    </testsuite>
    <testsuite name="omicron-nexus" tests="171" disabled="0" errors="0" failures="0">
        <testcase name="app::sagas::image_create::test::test_action_failure_can_unwind_idempotently" classname="omicron-nexus" timestamp="2025-06-05T16:50:13.103+00:00" time="20.321">
        </testcase>
        <testcase name="app::sagas::image_create::test::test_action_failure_can_unwind" classname="omicron-nexus" timestamp="2025-06-05T16:50:13.103+00:00" time="20.468">
        </testcase>
        <testcase name="app::sagas::disk_create::test::test_action_failure_can_unwind" classname="omicron-nexus" timestamp="2025-06-05T16:50:13.103+00:00" time="26.146">
        </testcase>
        <testcase name="app::sagas::disk_create::test::test_action_failure_can_unwind_idempotently" classname="omicron-nexus" timestamp="2025-06-05T16:50:13.103+00:00" time="26.431">
        </testcase>
        <testcase name="app::sagas::instance_ip_attach::test::test_action_failure_can_unwind_idempotently" classname="omicron-nexus" timestamp="2025-06-05T16:50:13.103+00:00" time="34.680">
        </testcase>
        <testcase name="app::sagas::instance_ip_attach::test::test_action_failure_can_unwind" classname="omicron-nexus" timestamp="2025-06-05T16:50:13.103+00:00" time="35.008">
        </testcase>
        <testcase name="app::sagas::instance_ip_detach::test::test_action_failure_can_unwind_idempotently" classname="omicron-nexus" timestamp="2025-06-05T16:50:33.571+00:00" time="29.667">
        </testcase>
        <testcase name="app::sagas::instance_ip_detach::test::test_action_failure_can_unwind" classname="omicron-nexus" timestamp="2025-06-05T16:50:33.424+00:00" time="30.125">
        </testcase>
        <testcase name="app::sagas::instance_start::test::test_action_failure_can_unwind" classname="omicron-nexus" timestamp="2025-06-05T16:50:39.534+00:00" time="28.178">
        </testcase>
        <testcase name="app::sagas::region_replacement_start::test::test_action_failure_can_unwind_idempotently" classname="omicron-nexus" timestamp="2025-06-05T16:50:48.111+00:00" time="24.573">
        </testcase>
        <testcase name="app::sagas::project_create::test::test_action_failure_can_unwind" classname="omicron-nexus" timestamp="2025-06-05T16:50:47.782+00:00" time="30.581">
        </testcase>
        <testcase name="app::sagas::region_snapshot_replacement_start::test::test_action_failure_can_unwind_idempotently" classname="omicron-nexus" timestamp="2025-06-05T16:51:03.549+00:00" time="34.142">
        </testcase>
        <testcase name="app::sagas::region_snapshot_replacement_start::test::test_action_failure_can_unwind" classname="omicron-nexus" timestamp="2025-06-05T16:51:03.238+00:00" time="35.015">
        </testcase>
        <testcase name="app::sagas::instance_migrate::tests::test_action_failure_can_unwind" classname="omicron-nexus" timestamp="2025-06-05T16:50:39.248+00:00" time="61.994">
        </testcase>
        <testcase name="app::sagas::vpc_create::test::test_action_failure_can_unwind" classname="omicron-nexus" timestamp="2025-06-05T16:51:18.363+00:00" time="28.348">
        </testcase>
        <testcase name="app::sagas::vpc_subnet_create::test::test_action_failure_can_unwind" classname="omicron-nexus" timestamp="2025-06-05T16:51:37.692+00:00" time="16.485">
        </testcase>
        <testcase name="app::sagas::vpc_subnet_create::test::test_action_failure_can_unwind_idempotently" classname="omicron-nexus" timestamp="2025-06-05T16:51:38.253+00:00" time="16.504">
        </testcase>
        <testcase name="app::sagas::snapshot_create::test::test_action_failure_can_unwind_pantry" classname="omicron-nexus" timestamp="2025-06-05T16:51:12.684+00:00" time="81.436">
        </testcase>
        <testcase name="app::sagas::snapshot_create::test::test_action_failure_can_unwind_no_pantry" classname="omicron-nexus" timestamp="2025-06-05T16:51:07.713+00:00" time="231.070">
        </testcase>
        <testcase name="app::alert::tests::test_alert_class_list" classname="omicron-nexus" timestamp="2025-06-05T16:58:34.441+00:00" time="0.037">
        </testcase>
        <testcase name="app::background::driver::test::test_activation_in_progress" classname="omicron-nexus" timestamp="2025-06-05T16:58:34.479+00:00" time="13.639">
        </testcase>
        <testcase name="app::background::driver::test::test_driver_basic" classname="omicron-nexus" timestamp="2025-06-05T16:58:37.687+00:00" time="11.808">
        </testcase>
        <testcase name="app::background::init::test::test_dns_propagation_basic" classname="omicron-nexus" timestamp="2025-06-05T16:58:39.536+00:00" time="13.452">
        </testcase>
        <testcase name="app::background::tasks::alert_dispatcher::test::test_glob_reprocessing" classname="omicron-nexus" timestamp="2025-06-05T16:58:49.563+00:00" time="14.386">
        </testcase>
        <testcase name="app::background::tasks::abandoned_vmm_reaper::tests::sled_resource_vmm_already_deleted" classname="omicron-nexus" timestamp="2025-06-05T16:58:42.776+00:00" time="21.188">
        </testcase>
        <testcase name="app::background::tasks::blueprint_execution::test::test_deploy_omicron_config" classname="omicron-nexus" timestamp="2025-06-05T16:58:52.988+00:00" time="14.513">
        </testcase>
        <testcase name="app::background::tasks::crdb_node_id_collector::tests::test_activate_fails_if_no_blueprint" classname="omicron-nexus" timestamp="2025-06-05T16:59:03.964+00:00" time="4.033">
        </testcase>
        <testcase name="app::background::tasks::abandoned_vmm_reaper::tests::test_abandoned_vmms_are_reaped" classname="omicron-nexus" timestamp="2025-06-05T16:58:48.118+00:00" time="20.368">
        </testcase>
        <testcase name="app::background::tasks::crdb_node_id_collector::tests::test_default_cockroach_admin_addrs_from_blueprint" classname="omicron-nexus" timestamp="2025-06-05T16:59:08.486+00:00" time="0.015">
        </testcase>
        <testcase name="app::background::tasks::abandoned_vmm_reaper::tests::vmm_already_deleted" classname="omicron-nexus" timestamp="2025-06-05T16:58:49.495+00:00" time="20.880">
        </testcase>
        <testcase name="app::background::tasks::crdb_node_id_collector::tests::test_activate_with_no_unknown_node_ids" classname="omicron-nexus" timestamp="2025-06-05T16:59:07.501+00:00" time="4.683">
        </testcase>
        <testcase name="app::background::tasks::crdb_node_id_collector::tests::test_activate_with_unknown_node_ids" classname="omicron-nexus" timestamp="2025-06-05T16:59:07.997+00:00" time="4.400">
        </testcase>
        <testcase name="app::background::tasks::blueprint_load::test::test_load_blueprints" classname="omicron-nexus" timestamp="2025-06-05T16:59:03.948+00:00" time="11.833">
        </testcase>
        <testcase name="app::background::tasks::decommissioned_disk_cleaner::tests::test_disk_cleanup_cleans_disks_with_no_regions" classname="omicron-nexus" timestamp="2025-06-05T16:59:08.501+00:00" time="14.727">
        </testcase>
        <testcase name="app::background::tasks::decommissioned_disk_cleaner::tests::test_disk_cleanup_does_not_clean_disks_with_regions" classname="omicron-nexus" timestamp="2025-06-05T16:59:10.375+00:00" time="14.854">
        </testcase>
        <testcase name="app::background::tasks::decommissioned_disk_cleaner::tests::test_disk_cleanup_ignores_active_disks" classname="omicron-nexus" timestamp="2025-06-05T16:59:12.184+00:00" time="14.316">
        </testcase>
        <testcase name="app::background::tasks::dns_config::test::test_basic" classname="omicron-nexus" timestamp="2025-06-05T16:59:12.398+00:00" time="14.115">
        </testcase>
        <testcase name="app::background::tasks::dns_propagation::test::test_basic" classname="omicron-nexus" timestamp="2025-06-05T16:59:15.781+00:00" time="14.551">
        </testcase>
        <testcase name="app::background::tasks::external_endpoints::test::test_basic" classname="omicron-nexus" timestamp="2025-06-05T16:59:23.228+00:00" time="13.666">
        </testcase>
        <testcase name="app::background::tasks::instance_reincarnation::test::test_default_policy_is_reincarnatable" classname="omicron-nexus" timestamp="2025-06-05T16:59:26.500+00:00" time="19.904">
        </testcase>
        <testcase name="app::background::tasks::instance_reincarnation::test::test_reincarnates_failed_instances" classname="omicron-nexus" timestamp="2025-06-05T16:59:30.333+00:00" time="20.072">
        </testcase>
        <testcase name="app::background::tasks::inventory_collection::test::test_basic" classname="omicron-nexus" timestamp="2025-06-05T16:59:36.894+00:00" time="20.507">
        </testcase>
        <testcase name="app::background::tasks::inventory_collection::test::test_db_sled_enumerator" classname="omicron-nexus" timestamp="2025-06-05T16:59:46.405+00:00" time="13.854">
        </testcase>
        <testcase name="app::background::tasks::metrics_producer_gc::tests::test_pruning" classname="omicron-nexus" timestamp="2025-06-05T16:59:50.404+00:00" time="11.047">
        </testcase>
        <testcase name="app::background::tasks::instance_reincarnation::test::test_cooldown_on_subsequent_reincarnations" classname="omicron-nexus" timestamp="2025-06-05T16:59:25.229+00:00" time="37.753">
        </testcase>
        <testcase name="app::background::tasks::region_replacement::test::test_add_region_replacement_causes_start" classname="omicron-nexus" timestamp="2025-06-05T17:00:00.259+00:00" time="13.062">
        </testcase>
        <testcase name="app::background::tasks::read_only_region_replacement_start::test::test_expunge_disk_causes_read_only_region_replacement_request" classname="omicron-nexus" timestamp="2025-06-05T16:59:57.401+00:00" time="16.641">
        </testcase>
        <testcase name="app::background::tasks::region_replacement_driver::test::test_done_region_replacement_causes_finish" classname="omicron-nexus" timestamp="2025-06-05T17:00:01.451+00:00" time="13.211">
        </testcase>
        <testcase name="app::sagas::instance_create::test::test_action_failure_can_unwind_idempotently" classname="omicron-nexus" timestamp="2025-06-05T16:50:13.103+00:00" time="602.536">
        </testcase>
        <testcase name="app::background::tasks::region_replacement_driver::test::test_mark_region_replacement_done_after_notification" classname="omicron-nexus" timestamp="2025-06-05T17:00:02.982+00:00" time="13.046">
        </testcase>
        <testcase name="app::sagas::instance_create::test::test_action_failure_can_unwind" classname="omicron-nexus" timestamp="2025-06-05T16:50:13.103+00:00" time="610.971">
        </testcase>
        <testcase name="app::background::tasks::region_replacement_driver::test::test_no_mark_region_replacement_done_after_failed_notification" classname="omicron-nexus" timestamp="2025-06-05T17:00:13.321+00:00" time="15.166">
        </testcase>
        <testcase name="app::background::tasks::region_replacement_driver::test::test_running_region_replacement_causes_drive" classname="omicron-nexus" timestamp="2025-06-05T17:00:14.042+00:00" time="14.847">
        </testcase>
        <testcase name="app::background::tasks::region_snapshot_replacement_finish::test::test_done_region_snapshot_replacement_causes_finish" classname="omicron-nexus" timestamp="2025-06-05T17:00:14.663+00:00" time="14.927">
        </testcase>
        <testcase name="app::background::tasks::region_snapshot_replacement_garbage_collect::test::test_region_snapshot_replacement_garbage_collect_task" classname="omicron-nexus" timestamp="2025-06-05T17:00:15.638+00:00" time="13.958">
        </testcase>
        <testcase name="app::background::tasks::region_snapshot_replacement_start::test::test_add_region_snapshot_replacement_causes_start" classname="omicron-nexus" timestamp="2025-06-05T17:00:16.028+00:00" time="14.154">
        </testcase>
        <testcase name="app::background::tasks::saga_recovery::test::test_failure_during_saga_can_be_recovered" classname="omicron-nexus" timestamp="2025-06-05T17:00:29.597+00:00" time="3.079">
        </testcase>
        <testcase name="app::background::tasks::saga_recovery::test::test_successful_saga_does_not_replay_during_recovery" classname="omicron-nexus" timestamp="2025-06-05T17:00:32.676+00:00" time="2.798">
        </testcase>
        <testcase name="app::background::tasks::region_snapshot_replacement_start::test::test_delete_region_snapshot_replacement_volume_causes_complete" classname="omicron-nexus" timestamp="2025-06-05T17:00:24.074+00:00" time="18.222">
        </testcase>
        <testcase name="app::background::tasks::region_snapshot_replacement_step::test::test_region_snapshot_replacement_step_task" classname="omicron-nexus" timestamp="2025-06-05T17:00:28.890+00:00" time="15.931">
        </testcase>
        <testcase name="app::background::tasks::region_snapshot_replacement_step::test::test_region_snapshot_replacement_step_task_gc" classname="omicron-nexus" timestamp="2025-06-05T17:00:29.590+00:00" time="15.685">
        </testcase>
        <testcase name="app::background::tasks::saga_recovery::test::test_nexus_recovery" classname="omicron-nexus" timestamp="2025-06-05T17:00:30.182+00:00" time="16.786">
        </testcase>
        <testcase name="app::background::tasks::region_snapshot_replacement_start::test::test_expunge_disk_causes_region_snapshot_replacement_start" classname="omicron-nexus" timestamp="2025-06-05T17:00:28.486+00:00" time="19.061">
        </testcase>
        <testcase name="app::background::tasks::support_bundle_collector::test::test_bundle_cleanup_after_zpool_deletion" classname="omicron-nexus" timestamp="2025-06-05T17:00:35.474+00:00" time="14.408">
        </testcase>
        <testcase name="app::background::tasks::instance_reincarnation::test::test_only_reincarnates_eligible_instances" classname="omicron-nexus" timestamp="2025-06-05T16:59:26.513+00:00" time="90.577">
        </testcase>
        <testcase name="app::background::tasks::support_bundle_collector::test::test_bundle_cleanup_cancel_after_collect" classname="omicron-nexus" timestamp="2025-06-05T17:00:42.296+00:00" time="15.424">
        </testcase>
        <testcase name="app::background::tasks::support_bundle_collector::test::test_bundle_cleanup_cancel_before_collect" classname="omicron-nexus" timestamp="2025-06-05T17:00:44.821+00:00" time="15.977">
        </testcase>
        <testcase name="app::background::tasks::support_bundle_collector::test::test_zipfile_creation" classname="omicron-nexus" timestamp="2025-06-05T17:01:00.798+00:00" time="0.025">
        </testcase>
        <testcase name="app::background::tasks::tuf_artifact_replication::tests::new_sled" classname="omicron-nexus" timestamp="2025-06-05T17:01:00.823+00:00" time="0.236">
        </testcase>
        <testcase name="app::background::tasks::tuf_artifact_replication::tests::nothing" classname="omicron-nexus" timestamp="2025-06-05T17:01:01.058+00:00" time="0.196">
        </testcase>
        <testcase name="app::background::tasks::tuf_artifact_replication::tests::recopy" classname="omicron-nexus" timestamp="2025-06-05T17:01:01.255+00:00" time="0.223">
        </testcase>
        <testcase name="app::background::tasks::support_bundle_collector::test::test_bundle_cleanup_failed_bundle_after_collection" classname="omicron-nexus" timestamp="2025-06-05T17:00:45.275+00:00" time="16.278">
        </testcase>
        <testcase name="app::external_endpoints::test::test_authority" classname="omicron-nexus" timestamp="2025-06-05T17:01:01.554+00:00" time="0.339">
        </testcase>
        <testcase name="app::external_endpoints::test::test_external_endpoints_basic" classname="omicron-nexus" timestamp="2025-06-05T17:01:01.893+00:00" time="0.037">
        </testcase>
        <testcase name="app::background::tasks::tuf_artifact_replication::tests::simple_replicate" classname="omicron-nexus" timestamp="2025-06-05T17:01:01.478+00:00" time="0.731">
        </testcase>
        <testcase name="app::external_endpoints::test::test_external_endpoints_empty" classname="omicron-nexus" timestamp="2025-06-05T17:01:02.209+00:00" time="0.044">
        </testcase>
        <testcase name="app::external_endpoints::test::test_no_endpoint" classname="omicron-nexus" timestamp="2025-06-05T17:01:02.253+00:00" time="0.053">
        </testcase>
        <testcase name="app::instance::tests::test_instance_start_allowed_when_no_vmm" classname="omicron-nexus" timestamp="2025-06-05T17:01:02.306+00:00" time="0.016">
        </testcase>
        <testcase name="app::instance::tests::test_instance_start_allowed_when_vmm_in_saga_unwound" classname="omicron-nexus" timestamp="2025-06-05T17:01:02.323+00:00" time="0.030">
        </testcase>
        <testcase name="app::external_endpoints::test::test_external_endpoints_complex" classname="omicron-nexus" timestamp="2025-06-05T17:01:01.930+00:00" time="0.425">
        </testcase>
        <testcase name="app::instance::tests::test_instance_start_forbidden_while_creating" classname="omicron-nexus" timestamp="2025-06-05T17:01:02.353+00:00" time="0.027">
        </testcase>
        <testcase name="app::instance::tests::test_instance_start_idempotent_if_active" classname="omicron-nexus" timestamp="2025-06-05T17:01:02.354+00:00" time="0.028">
        </testcase>
        <testcase name="app::background::tasks::support_bundle_collector::test::test_bundle_cleanup_failed_bundle_before_collection" classname="omicron-nexus" timestamp="2025-06-05T17:00:46.969+00:00" time="15.424">
        </testcase>
        <testcase name="app::sagas::demo::test::test_demo_saga_rendezvous" classname="omicron-nexus" timestamp="2025-06-05T17:01:02.382+00:00" time="0.014">
        </testcase>
        <testcase name="app::instance::tests::test_serial_console_stream_proxying" classname="omicron-nexus" timestamp="2025-06-05T17:01:02.380+00:00" time="0.023">
        </testcase>
        <testcase name="app::background::tasks::support_bundle_collector::test::test_cleanup_noop" classname="omicron-nexus" timestamp="2025-06-05T17:00:47.548+00:00" time="15.197">
        </testcase>
        <testcase name="app::background::tasks::support_bundle_collector::test::test_collect_many" classname="omicron-nexus" timestamp="2025-06-05T17:00:49.882+00:00" time="15.847">
        </testcase>
        <testcase name="app::background::tasks::support_bundle_collector::test::test_collect_noop" classname="omicron-nexus" timestamp="2025-06-05T17:00:57.090+00:00" time="14.978">
        </testcase>
        <testcase name="app::background::tasks::support_bundle_collector::test::test_collect_one" classname="omicron-nexus" timestamp="2025-06-05T17:00:57.720+00:00" time="16.016">
        </testcase>
        <testcase name="app::sagas::disk_create::test::test_saga_basic_usage_succeeds" classname="omicron-nexus" timestamp="2025-06-05T17:01:02.397+00:00" time="19.925">
        </testcase>
        <testcase name="app::sagas::image_create::test::test_actions_succeed_idempotently" classname="omicron-nexus" timestamp="2025-06-05T17:01:05.730+00:00" time="16.897">
        </testcase>
        <testcase name="app::sagas::disk_delete::test::test_saga_basic_usage_succeeds" classname="omicron-nexus" timestamp="2025-06-05T17:01:02.745+00:00" time="20.750">
        </testcase>
        <testcase name="app::sagas::disk_create::test::test_actions_succeed_idempotently" classname="omicron-nexus" timestamp="2025-06-05T17:01:02.393+00:00" time="22.248">
        </testcase>
        <testcase name="app::sagas::disk_delete::test::test_actions_succeed_idempotently" classname="omicron-nexus" timestamp="2025-06-05T17:01:02.404+00:00" time="22.302">
        </testcase>
        <testcase name="app::sagas::image_create::test::test_saga_basic_usage_succeeds_silo" classname="omicron-nexus" timestamp="2025-06-05T17:01:13.736+00:00" time="15.957">
        </testcase>
        <testcase name="app::sagas::image_create::test::test_saga_basic_usage_succeeds_project" classname="omicron-nexus" timestamp="2025-06-05T17:01:12.068+00:00" time="23.021">
        </testcase>
        <testcase name="app::sagas::instance_create::test::test_saga_basic_usage_succeeds" classname="omicron-nexus" timestamp="2025-06-05T17:01:22.627+00:00" time="24.741">
        </testcase>
        <testcase name="app::sagas::instance_delete::test::test_actions_succeed_idempotently" classname="omicron-nexus" timestamp="2025-06-05T17:01:23.495+00:00" time="25.134">
        </testcase>
        <testcase name="app::sagas::instance_create::test::test_actions_succeed_idempotently" classname="omicron-nexus" timestamp="2025-06-05T17:01:22.322+00:00" time="26.668">
        </testcase>
        <testcase name="app::sagas::instance_ip_attach::test::test_actions_succeed_idempotently" classname="omicron-nexus" timestamp="2025-06-05T17:01:24.706+00:00" time="24.781">
        </testcase>
        <testcase name="app::sagas::instance_delete::test::test_saga_basic_usage_succeeds" classname="omicron-nexus" timestamp="2025-06-05T17:01:24.641+00:00" time="25.576">
        </testcase>
        <testcase name="app::sagas::instance_ip_attach::test::test_saga_basic_usage_succeeds" classname="omicron-nexus" timestamp="2025-06-05T17:01:29.693+00:00" time="22.809">
        </testcase>
        <testcase name="app::sagas::instance_ip_detach::test::test_actions_succeed_idempotently" classname="omicron-nexus" timestamp="2025-06-05T17:01:35.089+00:00" time="26.018">
        </testcase>
        <testcase name="app::sagas::instance_start::test::test_actions_succeed_idempotently" classname="omicron-nexus" timestamp="2025-06-05T17:01:48.990+00:00" time="21.797">
        </testcase>
        <testcase name="app::sagas::instance_start::test::test_ensure_running_unwind" classname="omicron-nexus" timestamp="2025-06-05T17:01:49.487+00:00" time="21.874">
        </testcase>
        <testcase name="app::sagas::instance_start::test::test_saga_basic_usage_succeeds" classname="omicron-nexus" timestamp="2025-06-05T17:01:50.217+00:00" time="21.553">
        </testcase>
        <testcase name="app::sagas::instance_ip_detach::test::test_saga_basic_usage_succeeds" classname="omicron-nexus" timestamp="2025-06-05T17:01:47.368+00:00" time="24.573">
        </testcase>
        <testcase name="app::sagas::instance_migrate::tests::test_saga_basic_usage_succeeds" classname="omicron-nexus" timestamp="2025-06-05T17:01:48.629+00:00" time="23.955">
        </testcase>
        <testcase name="app::sagas::instance_update::test::test_active_vmm_destroyed_actions_succeed_idempotently" classname="omicron-nexus" timestamp="2025-06-05T17:02:01.108+00:00" time="21.457">
        </testcase>
        <testcase name="app::sagas::instance_update::test::test_active_vmm_destroyed_succeeds" classname="omicron-nexus" timestamp="2025-06-05T17:02:10.787+00:00" time="22.999">
        </testcase>
        <testcase name="app::sagas::instance_update::test::test_migration_completed_but_target_destroyed_succeeds" classname="omicron-nexus" timestamp="2025-06-05T17:02:11.941+00:00" time="23.423">
        </testcase>
        <testcase name="app::sagas::instance_update::test::test_migration_completed_but_target_destroyed_actions_succeed_idempotently" classname="omicron-nexus" timestamp="2025-06-05T17:02:11.361+00:00" time="24.423">
        </testcase>
        <testcase name="app::sagas::instance_update::test::test_migration_completed_source_destroyed_actions_succeed_idempotently" classname="omicron-nexus" timestamp="2025-06-05T17:02:12.583+00:00" time="24.088">
        </testcase>
        <testcase name="app::sagas::instance_update::test::test_migration_completed_source_destroyed_succeeds" classname="omicron-nexus" timestamp="2025-06-05T17:02:33.787+00:00" time="25.135">
        </testcase>
        <testcase name="app::sagas::instance_update::test::test_migration_failed_everyone_died_actions_succeed_idempotently" classname="omicron-nexus" timestamp="2025-06-05T17:02:35.364+00:00" time="25.679">
        </testcase>
        <testcase name="app::sagas::instance_update::test::test_migration_failed_everyone_died_succeeds" classname="omicron-nexus" timestamp="2025-06-05T17:02:36.672+00:00" time="24.436">
        </testcase>
        <testcase name="app::sagas::instance_update::test::test_migration_source_completed_actions_succeed_idempotently" classname="omicron-nexus" timestamp="2025-06-05T17:02:58.922+00:00" time="26.154">
        </testcase>
        <testcase name="app::sagas::instance_update::test::test_migration_source_completed_succeeds" classname="omicron-nexus" timestamp="2025-06-05T17:03:01.108+00:00" time="25.844">
        </testcase>
        <testcase name="app::sagas::instance_update::test::test_active_vmm_destroyed_action_failure_can_unwind" classname="omicron-nexus" timestamp="2025-06-05T17:01:52.503+00:00" time="111.736">
        </testcase>
        <testcase name="app::sagas::instance_update::test::test_migration_source_failed_destroyed_actions_succeed_idempotently" classname="omicron-nexus" timestamp="2025-06-05T17:03:25.076+00:00" time="25.052">
        </testcase>
        <testcase name="app::sagas::instance_update::test::test_migration_source_failed_destroyed_succeeds" classname="omicron-nexus" timestamp="2025-06-05T17:03:44.239+00:00" time="25.585">
        </testcase>
        <testcase name="app::sagas::instance_update::test::test_migration_completed_source_destroyed_can_unwind" classname="omicron-nexus" timestamp="2025-06-05T17:02:22.565+00:00" time="112.061">
        </testcase>
        <testcase name="app::sagas::instance_update::test::test_migration_source_completed_can_unwind" classname="omicron-nexus" timestamp="2025-06-05T17:03:01.043+00:00" time="73.824">
        </testcase>
        <testcase name="app::sagas::instance_update::test::test_migration_target_completed_actions_succeed_idempotently" classname="omicron-nexus" timestamp="2025-06-05T17:03:50.128+00:00" time="25.857">
        </testcase>
        <testcase name="app::sagas::instance_update::test::test_migration_completed_but_target_destroyed_can_unwind" classname="omicron-nexus" timestamp="2025-06-05T17:02:11.770+00:00" time="133.565">
        </testcase>
        <testcase name="app::sagas::instance_update::test::test_migration_target_failed_actions_succeed_idempotently" classname="omicron-nexus" timestamp="2025-06-05T17:04:14.867+00:00" time="24.663">
        </testcase>
        <testcase name="app::sagas::instance_update::test::test_migration_target_completed_succeeds" classname="omicron-nexus" timestamp="2025-06-05T17:04:14.626+00:00" time="25.554">
        </testcase>
        <testcase name="app::sagas::instance_update::test::test_migration_target_failed_destroyed_actions_succeed_idempotently" classname="omicron-nexus" timestamp="2025-06-05T17:04:25.335+00:00" time="23.864">
        </testcase>
        <testcase name="app::sagas::instance_update::test::test_migration_target_failed_destroyed_succeeds" classname="omicron-nexus" timestamp="2025-06-05T17:04:40.181+00:00" time="23.893">
        </testcase>
        <testcase name="app::sagas::instance_update::test::test_migration_target_failed_succeeds" classname="omicron-nexus" timestamp="2025-06-05T17:04:49.200+00:00" time="23.467">
        </testcase>
        <testcase name="app::sagas::instance_update::test::test_migration_target_completed_can_unwind" classname="omicron-nexus" timestamp="2025-06-05T17:04:09.824+00:00" time="67.812">
        </testcase>
        <testcase name="app::sagas::instance_update::test::test_migration_failed_everyone_died_can_unwind" classname="omicron-nexus" timestamp="2025-06-05T17:02:35.785+00:00" time="169.896">
        </testcase>
        <testcase name="app::sagas::project_create::test::test_saga_basic_usage_succeeds" classname="omicron-nexus" timestamp="2025-06-05T17:05:17.637+00:00" time="15.469">
        </testcase>
        <testcase name="app::sagas::instance_update::test::test_start_saga_actions_succeed_idempotently" classname="omicron-nexus" timestamp="2025-06-05T17:05:12.667+00:00" time="23.277">
        </testcase>
        <testcase name="app::sagas::instance_update::test::test_migration_source_failed_destroyed_can_unwind" classname="omicron-nexus" timestamp="2025-06-05T17:03:26.951+00:00" time="133.220">
        </testcase>
        <testcase name="app::sagas::region_replacement_finish::test::test_region_replacement_finish_saga" classname="omicron-nexus" timestamp="2025-06-05T17:05:25.605+00:00" time="15.694">
        </testcase>
        <testcase name="app::sagas::instance_update::test::test_start_saga_action_failure_can_unwind" classname="omicron-nexus" timestamp="2025-06-05T17:05:04.074+00:00" time="37.618">
        </testcase>
        <testcase name="app::sagas::region_replacement_start::test::test_find_only_new_region" classname="omicron-nexus" timestamp="2025-06-05T17:05:33.105+00:00" time="15.819">
        </testcase>
        <testcase name="app::sagas::region_replacement_start::test::test_actions_succeed_idempotently" classname="omicron-nexus" timestamp="2025-06-05T17:05:25.680+00:00" time="23.843">
        </testcase>
        <testcase name="app::sagas::region_snapshot_replacement_garbage_collect::test::test_region_snapshot_replacement_garbage_collect_saga" classname="omicron-nexus" timestamp="2025-06-05T17:05:40.172+00:00" time="19.563">
        </testcase>
        <testcase name="app::sagas::region_replacement_start::test::test_region_replacement_start_saga" classname="omicron-nexus" timestamp="2025-06-05T17:05:35.944+00:00" time="25.855">
        </testcase>
        <testcase name="app::sagas::region_snapshot_replacement_start::test::test_actions_succeed_idempotently" classname="omicron-nexus" timestamp="2025-06-05T17:05:41.299+00:00" time="30.224">
        </testcase>
        <testcase name="app::sagas::snapshot_create::test::test_create_snapshot_from_disk_modify_request" classname="omicron-nexus" timestamp="2025-06-05T17:06:11.523+00:00" time="0.033">
        </testcase>
        <testcase name="app::sagas::region_snapshot_replacement_start::test::test_no_leak_region" classname="omicron-nexus" timestamp="2025-06-05T17:05:41.692+00:00" time="30.921">
        </testcase>
        <testcase name="app::sagas::instance_update::test::test_migration_target_failed_can_unwind" classname="omicron-nexus" timestamp="2025-06-05T17:04:15.986+00:00" time="120.476">
        </testcase>
        <testcase name="app::sagas::region_snapshot_replacement_start::test::test_region_snapshot_replacement_start_prefer_not_self" classname="omicron-nexus" timestamp="2025-06-05T17:05:49.524+00:00" time="27.376">
        </testcase>
        <testcase name="app::sagas::region_snapshot_replacement_step_garbage_collect::test::test_region_snapshot_replacement_step_garbage_collect_saga" classname="omicron-nexus" timestamp="2025-06-05T17:06:01.799+00:00" time="16.169">
        </testcase>
        <testcase name="app::sagas::region_snapshot_replacement_start::test::test_region_snapshot_replacement_start_hail_mary" classname="omicron-nexus" timestamp="2025-06-05T17:05:48.925+00:00" time="29.345">
        </testcase>
        <testcase name="app::sagas::region_snapshot_replacement_start::test::test_region_snapshot_replacement_start_saga" classname="omicron-nexus" timestamp="2025-06-05T17:05:59.735+00:00" time="25.837">
        </testcase>
        <testcase name="app::sagas::test_saga::test_saga_stuck" classname="omicron-nexus" timestamp="2025-06-05T17:06:16.900+00:00" time="16.797">
        </testcase>
        <testcase name="app::sagas::snapshot_create::test::test_saga_basic_usage_succeeds" classname="omicron-nexus" timestamp="2025-06-05T17:06:11.556+00:00" time="25.401">
        </testcase>
        <testcase name="app::sagas::vpc_subnet_create::test::test_actions_succeed_idempotently" classname="omicron-nexus" timestamp="2025-06-05T17:06:18.270+00:00" time="19.034">
        </testcase>
        <testcase name="app::sagas::vpc_create::test::test_saga_basic_usage_succeeds" classname="omicron-nexus" timestamp="2025-06-05T17:06:17.967+00:00" time="20.101">
        </testcase>
        <testcase name="app::sagas::instance_update::test::test_migration_target_failed_destroyed_can_unwind" classname="omicron-nexus" timestamp="2025-06-05T17:04:39.530+00:00" time="123.171">
        </testcase>
        <testcase name="app::sagas::vpc_subnet_create::test::test_saga_basic_usage_succeeds" classname="omicron-nexus" timestamp="2025-06-05T17:06:25.571+00:00" time="17.505">
        </testcase>
        <testcase name="external_api::console_api::test::test_accept_gz" classname="omicron-nexus" timestamp="2025-06-05T17:06:43.077+00:00" time="0.061">
        </testcase>
        <testcase name="external_api::console_api::test::test_find_file_404_on_directory" classname="omicron-nexus" timestamp="2025-06-05T17:06:43.138+00:00" time="0.057">
        </testcase>
        <testcase name="external_api::console_api::test::test_find_file_404_on_nonexistent" classname="omicron-nexus" timestamp="2025-06-05T17:06:43.194+00:00" time="0.067">
        </testcase>
        <testcase name="external_api::console_api::test::test_find_file_404_on_nonexistent_nested" classname="omicron-nexus" timestamp="2025-06-05T17:06:43.262+00:00" time="0.111">
        </testcase>
        <testcase name="external_api::console_api::test::test_find_file_404_on_symlink" classname="omicron-nexus" timestamp="2025-06-05T17:06:43.373+00:00" time="0.075">
        </testcase>
        <testcase name="external_api::console_api::test::test_find_file_finds_file" classname="omicron-nexus" timestamp="2025-06-05T17:06:43.448+00:00" time="0.103">
        </testcase>
        <testcase name="external_api::console_api::test::test_find_file_wont_follow_symlink" classname="omicron-nexus" timestamp="2025-06-05T17:06:43.551+00:00" time="0.063">
        </testcase>
        <testcase name="external_api::console_api::test::test_relative_uri" classname="omicron-nexus" timestamp="2025-06-05T17:06:43.614+00:00" time="0.027">
        </testcase>
        <testcase name="app::sagas::snapshot_create::test::test_saga_use_the_pantry_wrongly_set" classname="omicron-nexus" timestamp="2025-06-05T17:06:12.613+00:00" time="34.487">
        </testcase>
        <testcase name="cidata::tests::build_vfat_works_with_arbitrarily_sized_input" classname="omicron-nexus" timestamp="2025-06-05T17:06:42.701+00:00" time="4.698">
        </testcase>
        <testcase name="app::sagas::snapshot_create::test::test_saga_use_the_pantry_wrongly_unset" classname="omicron-nexus" timestamp="2025-06-05T17:06:16.462+00:00" time="34.601">
        </testcase>
        <testcase name="app::sagas::vpc_subnet_delete::test::test_actions_succeed_idempotently" classname="omicron-nexus" timestamp="2025-06-05T17:06:33.697+00:00" time="17.495">
        </testcase>
        <testcase name="app::sagas::vpc_subnet_update::test::test_actions_succeed_idempotently" classname="omicron-nexus" timestamp="2025-06-05T17:06:37.304+00:00" time="18.080">
        </testcase>
        <testcase name="app::sagas::vpc_subnet_delete::test::test_saga_basic_usage_succeeds" classname="omicron-nexus" timestamp="2025-06-05T17:06:36.957+00:00" time="18.568">
        </testcase>
        <testcase name="app::sagas::vpc_subnet_update::test::test_saga_basic_usage_succeeds" classname="omicron-nexus" timestamp="2025-06-05T17:06:38.069+00:00" time="18.120">
        </testcase>
        <testcase name="populate::test::test_populators" classname="omicron-nexus" timestamp="2025-06-05T17:06:43.642+00:00" time="40.923">
        </testcase>
    </testsuite>
    <testsuite name="api_identity" tests="2" disabled="0" errors="0" failures="0">
        <testcase name="test::test_identity" classname="api_identity" timestamp="2025-06-05T16:51:46.711+00:00" time="0.007">
        </testcase>
        <testcase name="test::test_identity_no_field" classname="api_identity" timestamp="2025-06-05T16:51:46.718+00:00" time="0.005">
        </testcase>
    </testsuite>
    <testsuite name="authz-macros" tests="1" disabled="0" errors="0" failures="0">
        <testcase name="tests::test_authz_snapshots" classname="authz-macros" timestamp="2025-06-05T16:51:46.724+00:00" time="0.020">
        </testcase>
    </testsuite>
    <testsuite name="bootstore" tests="6" disabled="0" errors="0" failures="0">
        <testcase name="schemes::tests::hello_roundtrip" classname="bootstore" timestamp="2025-06-05T16:51:46.744+00:00" time="0.062">
        </testcase>
        <testcase name="schemes::v0::peer::tests::basic_3_nodes" classname="bootstore" timestamp="2025-06-05T16:51:46.806+00:00" time="1.049">
        </testcase>
        <testcase name="schemes::v0::peer::tests::network_config" classname="bootstore" timestamp="2025-06-05T16:51:47.855+00:00" time="0.025">
        </testcase>
        <testcase name="schemes::v0::share_pkg::tests::create_packages" classname="bootstore" timestamp="2025-06-05T16:51:47.880+00:00" time="0.015">
        </testcase>
        <testcase name="trust_quorum::rack_secret::tests::create_and_verify" classname="bootstore" timestamp="2025-06-05T16:51:47.895+00:00" time="0.012">
        </testcase>
        <testcase name="trust_quorum::rack_secret::tests::secret_splitting_fails_with_threshold_larger_than_total_shares" classname="bootstore" timestamp="2025-06-05T16:51:47.907+00:00" time="0.013">
        </testcase>
    </testsuite>
    <testsuite name="bootstore::v0-fsm-proptest-learner" tests="1" disabled="0" errors="0" failures="0">
        <testcase name="run" classname="bootstore::v0-fsm-proptest-learner" timestamp="2025-06-05T16:51:47.921+00:00" time="2.576">
        </testcase>
    </testsuite>
    <testsuite name="cert-dev::test-cert-dev" tests="1" disabled="0" errors="0" failures="0">
        <testcase name="test_cert_create" classname="cert-dev::test-cert-dev" timestamp="2025-06-05T16:51:54.177+00:00" time="0.053">
        </testcase>
    </testsuite>
    <testsuite name="clickana" tests="5" disabled="0" errors="0" failures="0">
        <testcase name="chart::tests::gather_chart_data_failure" classname="clickana" timestamp="2025-06-05T16:51:54.230+00:00" time="0.303">
        </testcase>
        <testcase name="chart::tests::gather_chart_data_for_disk_usage_success" classname="clickana" timestamp="2025-06-05T16:51:54.535+00:00" time="0.005">
        </testcase>
        <testcase name="chart::tests::gather_chart_data_for_memory_tracking_success" classname="clickana" timestamp="2025-06-05T16:51:54.540+00:00" time="0.004">
        </testcase>
        <testcase name="chart::tests::gather_chart_data_for_query_count_success" classname="clickana" timestamp="2025-06-05T16:51:54.544+00:00" time="0.004">
        </testcase>
        <testcase name="chart::tests::gather_chart_data_for_running_queries_success" classname="clickana" timestamp="2025-06-05T16:51:54.548+00:00" time="0.004">
        </testcase>
    </testsuite>
    <testsuite name="clickhouse-admin-types" tests="34" disabled="0" errors="0" failures="0">
        <testcase name="tests::test_additional_key_value_pairs_in_output_parse_fail" classname="clickhouse-admin-types" timestamp="2025-06-05T16:51:54.552+00:00" time="0.008">
        </testcase>
        <testcase name="tests::test_distributed_ddl_queries_parse_success" classname="clickhouse-admin-types" timestamp="2025-06-05T16:51:54.560+00:00" time="0.031">
        </testcase>
        <testcase name="tests::test_empty_distributed_ddl_queries_parse_success" classname="clickhouse-admin-types" timestamp="2025-06-05T16:51:54.591+00:00" time="0.005">
        </testcase>
        <testcase name="tests::test_empty_output_parse_fail" classname="clickhouse-admin-types" timestamp="2025-06-05T16:51:54.596+00:00" time="0.005">
        </testcase>
        <testcase name="tests::test_empty_output_raft_config_parse_fail" classname="clickhouse-admin-types" timestamp="2025-06-05T16:51:54.601+00:00" time="0.005">
        </testcase>
        <testcase name="tests::test_empty_value_lgif_parse_fail" classname="clickhouse-admin-types" timestamp="2025-06-05T16:51:54.606+00:00" time="0.005">
        </testcase>
        <testcase name="tests::test_full_keeper_conf_parse_success" classname="clickhouse-admin-types" timestamp="2025-06-05T16:51:54.611+00:00" time="0.005">
        </testcase>
        <testcase name="tests::test_full_lgif_parse_success" classname="clickhouse-admin-types" timestamp="2025-06-05T16:51:54.616+00:00" time="0.010">
        </testcase>
        <testcase name="tests::test_full_raft_config_parse_success" classname="clickhouse-admin-types" timestamp="2025-06-05T16:51:54.625+00:00" time="0.013">
        </testcase>
        <testcase name="tests::test_generate_keeper_config" classname="clickhouse-admin-types" timestamp="2025-06-05T16:51:54.638+00:00" time="0.026">
        </testcase>
        <testcase name="tests::test_generate_replica_config" classname="clickhouse-admin-types" timestamp="2025-06-05T16:51:54.664+00:00" time="0.029">
        </testcase>
        <testcase name="tests::test_invalid_address_raft_config_parse_fail" classname="clickhouse-admin-types" timestamp="2025-06-05T16:51:54.693+00:00" time="0.005">
        </testcase>
        <testcase name="tests::test_malformed_output_keeper_conf_parse_fail" classname="clickhouse-admin-types" timestamp="2025-06-05T16:51:54.698+00:00" time="0.005">
        </testcase>
        <testcase name="tests::test_misshapen_distributed_ddl_queries_parse_fail" classname="clickhouse-admin-types" timestamp="2025-06-05T16:51:54.703+00:00" time="0.005">
        </testcase>
        <testcase name="tests::test_misshapen_id_raft_config_parse_fail" classname="clickhouse-admin-types" timestamp="2025-06-05T16:51:54.708+00:00" time="0.005">
        </testcase>
        <testcase name="tests::test_misshapen_participant_raft_config_parse_fail" classname="clickhouse-admin-types" timestamp="2025-06-05T16:51:54.712+00:00" time="0.004">
        </testcase>
        <testcase name="tests::test_misshapen_port_raft_config_parse_fail" classname="clickhouse-admin-types" timestamp="2025-06-05T16:51:54.716+00:00" time="0.005">
        </testcase>
        <testcase name="tests::test_misshapen_priority_raft_config_parse_fail" classname="clickhouse-admin-types" timestamp="2025-06-05T16:51:54.721+00:00" time="0.006">
        </testcase>
        <testcase name="tests::test_misshapen_raft_config_parse_fail" classname="clickhouse-admin-types" timestamp="2025-06-05T16:51:54.727+00:00" time="0.004">
        </testcase>
        <testcase name="tests::test_misshapen_system_timeseries_parse_fail" classname="clickhouse-admin-types" timestamp="2025-06-05T16:51:54.731+00:00" time="0.004">
        </testcase>
        <testcase name="tests::test_missing_address_raft_config_parse_fail" classname="clickhouse-admin-types" timestamp="2025-06-05T16:51:54.735+00:00" time="0.004">
        </testcase>
        <testcase name="tests::test_missing_field_keeper_conf_parse_fail" classname="clickhouse-admin-types" timestamp="2025-06-05T16:51:54.738+00:00" time="0.004">
        </testcase>
        <testcase name="tests::test_missing_keys_lgif_parse_fail" classname="clickhouse-admin-types" timestamp="2025-06-05T16:51:54.739+00:00" time="0.004">
        </testcase>
        <testcase name="tests::test_missing_port_raft_config_parse_fail" classname="clickhouse-admin-types" timestamp="2025-06-05T16:51:54.743+00:00" time="0.003">
        </testcase>
        <testcase name="tests::test_missing_participant_raft_config_parse_fail" classname="clickhouse-admin-types" timestamp="2025-06-05T16:51:54.742+00:00" time="0.006">
        </testcase>
        <testcase name="tests::test_missing_priority_raft_config_parse_fail" classname="clickhouse-admin-types" timestamp="2025-06-05T16:51:54.746+00:00" time="0.004">
        </testcase>
        <testcase name="tests::test_missing_server_id_raft_config_parse_fail" classname="clickhouse-admin-types" timestamp="2025-06-05T16:51:54.748+00:00" time="0.003">
        </testcase>
        <testcase name="tests::test_missing_value_keeper_conf_parse_fail" classname="clickhouse-admin-types" timestamp="2025-06-05T16:51:54.750+00:00" time="0.003">
        </testcase>
        <testcase name="tests::test_non_existent_key_with_correct_value_lgif_parse_fail" classname="clickhouse-admin-types" timestamp="2025-06-05T16:51:54.754+00:00" time="0.004">
        </testcase>
        <testcase name="tests::test_non_existent_key_keeper_conf_parse_fail" classname="clickhouse-admin-types" timestamp="2025-06-05T16:51:54.751+00:00" time="0.006">
        </testcase>
        <testcase name="tests::test_non_u64_value_lgif_parse_fail" classname="clickhouse-admin-types" timestamp="2025-06-05T16:51:54.757+00:00" time="0.004">
        </testcase>
        <testcase name="tests::test_unix_epoch_system_timeseries_parse_success" classname="clickhouse-admin-types" timestamp="2025-06-05T16:51:54.758+00:00" time="0.004">
        </testcase>
        <testcase name="tests::test_time_format_system_timeseries_parse_fail" classname="clickhouse-admin-types" timestamp="2025-06-05T16:51:54.758+00:00" time="0.004">
        </testcase>
        <testcase name="tests::test_utc_system_timeseries_parse_success" classname="clickhouse-admin-types" timestamp="2025-06-05T16:51:54.761+00:00" time="0.004">
        </testcase>
    </testsuite>
    <testsuite name="bootstore::v0-fsm-proptest-rack-coordinator" tests="1" disabled="0" errors="0" failures="0">
        <testcase name="run" classname="bootstore::v0-fsm-proptest-rack-coordinator" timestamp="2025-06-05T16:51:50.497+00:00" time="4.240">
        </testcase>
    </testsuite>
    <testsuite name="cockroach-admin-types" tests="7" disabled="0" errors="0" failures="0">
        <testcase name="tests::test_node_decommission_parse_with_no_trailing_notes" classname="cockroach-admin-types" timestamp="2025-06-05T16:51:54.766+00:00" time="0.003">
        </testcase>
        <testcase name="tests::test_node_decommission_parse_with_trailing_notes" classname="cockroach-admin-types" timestamp="2025-06-05T16:51:54.769+00:00" time="0.003">
        </testcase>
        <testcase name="tests::test_node_decommission_parse_with_unexpected_membership_value" classname="cockroach-admin-types" timestamp="2025-06-05T16:51:54.772+00:00" time="0.003">
        </testcase>
        <testcase name="tests::test_node_status_parse_multiple_lines_from_csv" classname="cockroach-admin-types" timestamp="2025-06-05T16:51:54.775+00:00" time="0.005">
        </testcase>
        <testcase name="tests::test_node_status_parse_single_line_from_csv" classname="cockroach-admin-types" timestamp="2025-06-05T16:51:54.781+00:00" time="0.003">
        </testcase>
        <testcase name="tests::node_status_parse_doesnt_panic_on_arbitrary_input" classname="cockroach-admin-types" timestamp="2025-06-05T16:51:54.762+00:00" time="0.062">
        </testcase>
        <testcase name="tests::node_decommission_parse_doesnt_panic_on_arbitrary_input" classname="cockroach-admin-types" timestamp="2025-06-05T16:51:54.762+00:00" time="0.066">
        </testcase>
    </testsuite>
    <testsuite name="db-dev::test-db-dev" tests="4" disabled="0" errors="0" failures="0">
        <testcase name="test_db_dev_populate_no_args" classname="db-dev::test-db-dev" timestamp="2025-06-05T16:51:54.784+00:00" time="0.038">
        </testcase>
        <testcase name="test_db_dev_wipe_no_args" classname="db-dev::test-db-dev" timestamp="2025-06-05T16:51:54.822+00:00" time="0.010">
        </testcase>
        <testcase name="test_db_killed" classname="db-dev::test-db-dev" timestamp="2025-06-05T16:51:54.824+00:00" time="10.045">
        </testcase>
        <testcase name="test_db_run" classname="db-dev::test-db-dev" timestamp="2025-06-05T16:51:54.828+00:00" time="35.166">
        </testcase>
    </testsuite>
    <testsuite name="db-macros" tests="8" disabled="0" errors="0" failures="0">
        <testcase name="lookup::test::test_lookup_snapshots" classname="db-macros" timestamp="2025-06-05T16:51:54.832+00:00" time="0.044">
        </testcase>
        <testcase name="tests::test_derive_metadata_identity_fails_for_enums" classname="db-macros" timestamp="2025-06-05T16:51:54.876+00:00" time="0.006">
        </testcase>
        <testcase name="tests::test_derive_metadata_identity_fails_with_wrong_table_name_type" classname="db-macros" timestamp="2025-06-05T16:51:54.882+00:00" time="0.004">
        </testcase>
        <testcase name="tests::test_derive_metadata_identity_fails_without_embedded_identity" classname="db-macros" timestamp="2025-06-05T16:51:54.887+00:00" time="0.018">
        </testcase>
        <testcase name="tests::test_derive_metadata_identity_fails_without_table_name" classname="db-macros" timestamp="2025-06-05T16:51:54.905+00:00" time="0.010">
        </testcase>
        <testcase name="tests::test_derive_metadata_identity_minimal_example_compiles" classname="db-macros" timestamp="2025-06-05T16:51:54.916+00:00" time="0.006">
        </testcase>
        <testcase name="tests::test_derive_snapshots" classname="db-macros" timestamp="2025-06-05T16:51:54.922+00:00" time="0.010">
        </testcase>
        <testcase name="tests::test_derive_with_unknown_field" classname="db-macros" timestamp="2025-06-05T16:51:54.932+00:00" time="0.006">
        </testcase>
    </testsuite>
    <testsuite name="dns-server" tests="4" disabled="0" errors="0" failures="0">
        <testcase name="storage::test::test_update_basic" classname="dns-server" timestamp="2025-06-05T16:51:54.938+00:00" time="0.105">
        </testcase>
        <testcase name="storage::test::test_update_in_progress" classname="dns-server" timestamp="2025-06-05T16:51:55.043+00:00" time="0.070">
        </testcase>
        <testcase name="storage::test::test_update_interrupted" classname="dns-server" timestamp="2025-06-05T16:51:55.112+00:00" time="0.081">
        </testcase>
        <testcase name="storage::test::test_zone_gets_soa_record" classname="dns-server" timestamp="2025-06-05T16:51:55.194+00:00" time="0.100">
        </testcase>
    </testsuite>
    <testsuite name="dns-server::basic_test" tests="10" disabled="0" errors="0" failures="0">
        <testcase name="a_crud" classname="dns-server::basic_test" timestamp="2025-06-05T16:51:55.294+00:00" time="0.111">
        </testcase>
        <testcase name="aaaa_crud" classname="dns-server::basic_test" timestamp="2025-06-05T16:51:55.404+00:00" time="0.095">
        </testcase>
        <testcase name="answers_match_question" classname="dns-server::basic_test" timestamp="2025-06-05T16:51:55.500+00:00" time="0.104">
        </testcase>
        <testcase name="empty_record" classname="dns-server::basic_test" timestamp="2025-06-05T16:51:55.604+00:00" time="0.111">
        </testcase>
        <testcase name="multi_record_crud" classname="dns-server::basic_test" timestamp="2025-06-05T16:51:55.715+00:00" time="0.107">
        </testcase>
        <testcase name="name_contains_zone" classname="dns-server::basic_test" timestamp="2025-06-05T16:51:55.822+00:00" time="0.103">
        </testcase>
        <testcase name="nxdomain" classname="dns-server::basic_test" timestamp="2025-06-05T16:51:55.926+00:00" time="0.140">
        </testcase>
        <testcase name="servfail" classname="dns-server::basic_test" timestamp="2025-06-05T16:51:56.066+00:00" time="0.120">
        </testcase>
        <testcase name="soa" classname="dns-server::basic_test" timestamp="2025-06-05T16:51:56.186+00:00" time="0.143">
        </testcase>
        <testcase name="srv_crud" classname="dns-server::basic_test" timestamp="2025-06-05T16:51:56.329+00:00" time="0.131">
        </testcase>
    </testsuite>
    <testsuite name="dns-server::commands_test" tests="1" disabled="0" errors="0" failures="0">
        <testcase name="test_dnsadm" classname="dns-server::commands_test" timestamp="2025-06-05T16:51:56.460+00:00" time="1.132">
        </testcase>
    </testsuite>
    <testsuite name="dns-server::cross_version_test" tests="1" disabled="0" errors="0" failures="0">
        <testcase name="cross_version_works" classname="dns-server::cross_version_test" timestamp="2025-06-05T16:51:57.592+00:00" time="0.162">
        </testcase>
    </testsuite>
    <testsuite name="ereport-types" tests="1" disabled="0" errors="0" failures="0">
        <testcase name="tests::test_arb_json_deserializes" classname="ereport-types" timestamp="2025-06-05T16:51:57.754+00:00" time="0.005">
        </testcase>
    </testsuite>
    <testsuite name="gateway-cli::bin/gateway-cli" tests="2" disabled="0" errors="0" failures="0">
        <testcase name="picocom_map::tests::reject_invalid_rules" classname="gateway-cli::bin/gateway-cli" timestamp="2025-06-05T16:51:57.759+00:00" time="0.004">
        </testcase>
        <testcase name="picocom_map::tests::remapping" classname="gateway-cli::bin/gateway-cli" timestamp="2025-06-05T16:51:57.764+00:00" time="0.004">
        </testcase>
    </testsuite>
    <testsuite name="gfss" tests="6" disabled="0" errors="0" failures="0">
        <testcase name="gf256::tests::test_all_multiplication" classname="gfss" timestamp="2025-06-05T16:51:57.767+00:00" time="0.006">
        </testcase>
        <testcase name="gf256::tests::test_all_multiplicative_inverses" classname="gfss" timestamp="2025-06-05T16:51:57.773+00:00" time="0.003">
        </testcase>
        <testcase name="gf256::tests::test_docs_example" classname="gfss" timestamp="2025-06-05T16:51:57.777+00:00" time="0.003">
        </testcase>
        <testcase name="polynomial::tests::test_polynomial_eval" classname="gfss" timestamp="2025-06-05T16:51:57.780+00:00" time="6.582">
        </testcase>
        <testcase name="shamir::tests::test_share_reconstruction" classname="gfss" timestamp="2025-06-05T16:52:04.868+00:00" time="0.010">
        </testcase>
        <testcase name="shamir::tests::split_and_combine" classname="gfss" timestamp="2025-06-05T16:52:04.362+00:00" time="0.974">
        </testcase>
    </testsuite>
    <testsuite name="id-map" tests="14" disabled="0" errors="0" failures="0">
        <testcase name="tests::deserialize_rejects_duplicates" classname="id-map" timestamp="2025-06-05T16:52:04.879+00:00" time="0.004">
        </testcase>
        <testcase name="tests::deserialize_rejects_mismatched_keys" classname="id-map" timestamp="2025-06-05T16:52:04.882+00:00" time="0.004">
        </testcase>
        <testcase name="tests::get_mut_panics_if_id_changes" classname="id-map" timestamp="2025-06-05T16:52:04.886+00:00" time="0.132">
        </testcase>
        <testcase name="tests::iter_mut_panics_if_id_changes" classname="id-map" timestamp="2025-06-05T16:52:05.018+00:00" time="0.041">
        </testcase>
        <testcase name="tests::methods_allow_borrowed_ids" classname="id-map" timestamp="2025-06-05T16:52:05.059+00:00" time="0.004">
        </testcase>
        <testcase name="tests::mut_into_iter_panics_if_id_changes" classname="id-map" timestamp="2025-06-05T16:52:05.063+00:00" time="0.058">
        </testcase>
        <testcase name="tests::occupied_entry_panics_if_id_changed_via_get_mut" classname="id-map" timestamp="2025-06-05T16:52:05.121+00:00" time="0.043">
        </testcase>
        <testcase name="tests::occupied_entry_panics_if_id_changed_via_into_mut" classname="id-map" timestamp="2025-06-05T16:52:05.165+00:00" time="0.036">
        </testcase>
        <testcase name="tests::occupied_entry_panics_if_id_changes_on_insert" classname="id-map" timestamp="2025-06-05T16:52:05.201+00:00" time="0.043">
        </testcase>
        <testcase name="tests::retain_panics_if_id_changes" classname="id-map" timestamp="2025-06-05T16:52:05.244+00:00" time="0.054">
        </testcase>
        <testcase name="tests::serialization_is_transparent" classname="id-map" timestamp="2025-06-05T16:52:05.298+00:00" time="0.065">
        </testcase>
        <testcase name="tests::serialization_roundtrip" classname="id-map" timestamp="2025-06-05T16:52:05.336+00:00" time="0.068">
        </testcase>
        <testcase name="tests::vacant_entry_panics_if_id_changed_after_insert" classname="id-map" timestamp="2025-06-05T16:52:05.364+00:00" time="0.042">
        </testcase>
        <testcase name="tests::vacant_entry_panics_if_id_changes_on_insert" classname="id-map" timestamp="2025-06-05T16:52:05.404+00:00" time="0.035">
        </testcase>
    </testsuite>
    <testsuite name="illumos-utils" tests="24" disabled="0" errors="0" failures="0">
        <testcase name="destructor::test::test_delayed_delete" classname="illumos-utils" timestamp="2025-06-05T16:52:05.406+00:00" time="0.008">
        </testcase>
        <testcase name="destructor::test::test_destructor_bad_close" classname="illumos-utils" timestamp="2025-06-05T16:52:05.439+00:00" time="0.006">
        </testcase>
        <testcase name="link::test::test_allocate" classname="illumos-utils" timestamp="2025-06-05T16:52:05.445+00:00" time="0.006">
        </testcase>
        <testcase name="link::test::test_allocate_within_scopes" classname="illumos-utils" timestamp="2025-06-05T16:52:05.451+00:00" time="0.006">
        </testcase>
        <testcase name="opte::port_manager::tests::multiple_ports_does_not_destroy_default_route" classname="illumos-utils" timestamp="2025-06-05T16:52:05.457+00:00" time="0.008">
        </testcase>
        <testcase name="running_zone::tests::test_is_oxide_smf_service" classname="illumos-utils" timestamp="2025-06-05T16:52:05.466+00:00" time="0.005">
        </testcase>
        <testcase name="zfs::test::parse_dataset_bad_avail" classname="illumos-utils" timestamp="2025-06-05T16:52:05.470+00:00" time="0.005">
        </testcase>
        <testcase name="zfs::test::parse_dataset_bad_quota" classname="illumos-utils" timestamp="2025-06-05T16:52:05.475+00:00" time="0.004">
        </testcase>
        <testcase name="zfs::test::parse_dataset_bad_reservation" classname="illumos-utils" timestamp="2025-06-05T16:52:05.479+00:00" time="0.005">
        </testcase>
        <testcase name="zfs::test::parse_dataset_bad_usage" classname="illumos-utils" timestamp="2025-06-05T16:52:05.484+00:00" time="0.018">
        </testcase>
        <testcase name="zfs::test::parse_dataset_bad_uuid" classname="illumos-utils" timestamp="2025-06-05T16:52:05.502+00:00" time="0.017">
        </testcase>
        <testcase name="zfs::test::parse_dataset_missing_fields" classname="illumos-utils" timestamp="2025-06-05T16:52:05.519+00:00" time="0.005">
        </testcase>
        <testcase name="zfs::test::parse_dataset_props" classname="illumos-utils" timestamp="2025-06-05T16:52:05.524+00:00" time="0.005">
        </testcase>
        <testcase name="zfs::test::parse_dataset_props_with_optionals" classname="illumos-utils" timestamp="2025-06-05T16:52:05.528+00:00" time="0.004">
        </testcase>
        <testcase name="zfs::test::parse_dataset_too_many_columns" classname="illumos-utils" timestamp="2025-06-05T16:52:05.533+00:00" time="0.003">
        </testcase>
        <testcase name="zfs::test::parse_dataset_uuid_ignored_if_dash" classname="illumos-utils" timestamp="2025-06-05T16:52:05.536+00:00" time="0.004">
        </testcase>
        <testcase name="zfs::test::parse_dataset_uuid_ignored_if_inherited" classname="illumos-utils" timestamp="2025-06-05T16:52:05.540+00:00" time="0.003">
        </testcase>
        <testcase name="zfs::test::parse_quota_ignored_if_default" classname="illumos-utils" timestamp="2025-06-05T16:52:05.544+00:00" time="0.004">
        </testcase>
        <testcase name="zfs::test::parse_reservation_ignored_if_default" classname="illumos-utils" timestamp="2025-06-05T16:52:05.547+00:00" time="0.003">
        </testcase>
        <testcase name="zfs::test::parse_sorts_and_dedups" classname="illumos-utils" timestamp="2025-06-05T16:52:05.551+00:00" time="0.004">
        </testcase>
        <testcase name="zone::tests::test_parse_ip_network" classname="illumos-utils" timestamp="2025-06-05T16:52:05.554+00:00" time="0.003">
        </testcase>
        <testcase name="zpool::test::test_parse_zpool" classname="illumos-utils" timestamp="2025-06-05T16:52:05.558+00:00" time="0.004">
        </testcase>
        <testcase name="zpool::test::test_parse_zpool_missing_column" classname="illumos-utils" timestamp="2025-06-05T16:52:05.562+00:00" time="0.004">
        </testcase>
        <testcase name="destructor::test::test_delayed_delete_with_error" classname="illumos-utils" timestamp="2025-06-05T16:52:05.414+00:00" time="1.031">
        </testcase>
    </testsuite>
    <testsuite name="installinator" tests="2" disabled="0" errors="0" failures="0">
        <testcase name="write::tests::proptest_write_artifact" classname="installinator" timestamp="2025-06-05T16:52:06.445+00:00" time="2.736">
        </testcase>
        <testcase name="mock_peers::tests::proptest_fetch_artifact" classname="installinator" timestamp="2025-06-05T16:52:05.566+00:00" time="5.268">
        </testcase>
    </testsuite>
    <testsuite name="installinator-common" tests="1" disabled="0" errors="0" failures="0">
        <testcase name="block_size_writer::tests::proptest_block_writer" classname="installinator-common" timestamp="2025-06-05T16:52:09.181+00:00" time="0.083">
        </testcase>
    </testsuite>
    <testsuite name="internal-dns-resolver" tests="7" disabled="0" errors="0" failures="0">
        <testcase name="resolver::test::insert_and_lookup_multiple_records" classname="internal-dns-resolver" timestamp="2025-06-05T16:52:09.265+00:00" time="0.156">
        </testcase>
        <testcase name="resolver::test::insert_and_lookup_one_record" classname="internal-dns-resolver" timestamp="2025-06-05T16:52:09.421+00:00" time="0.148">
        </testcase>
        <testcase name="resolver::test::lookup_nonexistent_record_fails" classname="internal-dns-resolver" timestamp="2025-06-05T16:52:09.569+00:00" time="0.112">
        </testcase>
        <testcase name="resolver::test::resolver_can_access_backup_dns_server" classname="internal-dns-resolver" timestamp="2025-06-05T16:52:09.681+00:00" time="0.247">
        </testcase>
        <testcase name="resolver::test::resolver_can_be_used_with_progenitor_client" classname="internal-dns-resolver" timestamp="2025-06-05T16:52:09.928+00:00" time="0.156">
        </testcase>
        <testcase name="resolver::test::resolver_doesnt_bail_on_missing_targets" classname="internal-dns-resolver" timestamp="2025-06-05T16:52:10.084+00:00" time="0.139">
        </testcase>
        <testcase name="resolver::test::update_record" classname="internal-dns-resolver" timestamp="2025-06-05T16:52:10.223+00:00" time="0.121">
        </testcase>
    </testsuite>
    <testsuite name="internal-dns-types" tests="7" disabled="0" errors="0" failures="0">
        <testcase name="config::test::display_hosts" classname="internal-dns-types" timestamp="2025-06-05T16:52:10.344+00:00" time="0.005">
        </testcase>
        <testcase name="config::test::display_srv_service" classname="internal-dns-types" timestamp="2025-06-05T16:52:10.349+00:00" time="0.004">
        </testcase>
        <testcase name="config::test::test_builder_errors" classname="internal-dns-types" timestamp="2025-06-05T16:52:10.353+00:00" time="0.009">
        </testcase>
        <testcase name="config::test::test_builder_output" classname="internal-dns-types" timestamp="2025-06-05T16:52:10.363+00:00" time="0.005">
        </testcase>
        <testcase name="diff::test::diff_different" classname="internal-dns-types" timestamp="2025-06-05T16:52:10.368+00:00" time="0.010">
        </testcase>
        <testcase name="diff::test::diff_equivalent" classname="internal-dns-types" timestamp="2025-06-05T16:52:10.378+00:00" time="0.009">
        </testcase>
        <testcase name="diff::test::diff_invalid" classname="internal-dns-types" timestamp="2025-06-05T16:52:10.387+00:00" time="0.006">
        </testcase>
    </testsuite>
    <testsuite name="ipcc" tests="3" disabled="0" errors="0" failures="0">
        <testcase name="tests::deserialize_fixed_value" classname="ipcc" timestamp="2025-06-05T16:52:10.393+00:00" time="0.005">
        </testcase>
        <testcase name="tests::installinator_image_id_round_trip" classname="ipcc" timestamp="2025-06-05T16:52:10.399+00:00" time="0.007">
        </testcase>
        <testcase name="tests::serialized_size" classname="ipcc" timestamp="2025-06-05T16:52:10.406+00:00" time="0.006">
        </testcase>
    </testsuite>
    <testsuite name="key-manager" tests="4" disabled="0" errors="0" failures="0">
        <testcase name="tests::different_disks_produce_different_keys" classname="key-manager" timestamp="2025-06-05T16:52:10.412+00:00" time="0.006">
        </testcase>
        <testcase name="tests::different_ikm_produces_different_keys" classname="key-manager" timestamp="2025-06-05T16:52:10.419+00:00" time="0.005">
        </testcase>
        <testcase name="tests::disk_encryption_key_epoch_0" classname="key-manager" timestamp="2025-06-05T16:52:10.424+00:00" time="0.014">
        </testcase>
        <testcase name="tests::loading_key_for_old_epoch_loads_latest_epoch" classname="key-manager" timestamp="2025-06-05T16:52:10.438+00:00" time="0.017">
        </testcase>
    </testsuite>
    <testsuite name="nexus-auth" tests="28" disabled="0" errors="0" failures="0">
        <testcase name="authn::external::session_cookie::test::test_expired_cookie_absolute" classname="nexus-auth" timestamp="2025-06-05T16:52:10.455+00:00" time="0.016">
        </testcase>
        <testcase name="authn::external::session_cookie::test::test_expired_cookie_idle" classname="nexus-auth" timestamp="2025-06-05T16:52:10.471+00:00" time="0.015">
        </testcase>
        <testcase name="authn::external::session_cookie::test::test_garbage_cookie" classname="nexus-auth" timestamp="2025-06-05T16:52:10.486+00:00" time="0.012">
        </testcase>
        <testcase name="authn::external::session_cookie::test::test_get_token" classname="nexus-auth" timestamp="2025-06-05T16:52:10.498+00:00" time="0.011">
        </testcase>
        <testcase name="authn::external::session_cookie::test::test_get_token_no_header" classname="nexus-auth" timestamp="2025-06-05T16:52:10.509+00:00" time="0.015">
        </testcase>
        <testcase name="authn::external::session_cookie::test::test_get_token_other_cookie_present" classname="nexus-auth" timestamp="2025-06-05T16:52:10.524+00:00" time="0.021">
        </testcase>
        <testcase name="authn::external::session_cookie::test::test_missing_cookie" classname="nexus-auth" timestamp="2025-06-05T16:52:10.545+00:00" time="0.018">
        </testcase>
        <testcase name="authn::external::session_cookie::test::test_other_cookie" classname="nexus-auth" timestamp="2025-06-05T16:52:10.563+00:00" time="0.012">
        </testcase>
        <testcase name="authn::external::session_cookie::test::test_session_cookie_value" classname="nexus-auth" timestamp="2025-06-05T16:52:10.576+00:00" time="0.018">
        </testcase>
        <testcase name="authn::external::session_cookie::test::test_session_cookie_value_error" classname="nexus-auth" timestamp="2025-06-05T16:52:10.594+00:00" time="0.012">
        </testcase>
        <testcase name="authn::external::session_cookie::test::test_valid_cookie" classname="nexus-auth" timestamp="2025-06-05T16:52:10.606+00:00" time="0.016">
        </testcase>
        <testcase name="authn::external::spoof::test::test_make_header_value" classname="nexus-auth" timestamp="2025-06-05T16:52:10.622+00:00" time="0.011">
        </testcase>
        <testcase name="authn::external::spoof::test::test_make_header_value_raw" classname="nexus-auth" timestamp="2025-06-05T16:52:10.634+00:00" time="0.017">
        </testcase>
        <testcase name="authn::external::spoof::test::test_spoof_header_bad_uuids" classname="nexus-auth" timestamp="2025-06-05T16:52:10.651+00:00" time="0.010">
        </testcase>
        <testcase name="authn::external::spoof::test::test_spoof_header_missing" classname="nexus-auth" timestamp="2025-06-05T16:52:10.661+00:00" time="0.010">
        </testcase>
        <testcase name="authn::external::spoof::test::test_spoof_header_valid" classname="nexus-auth" timestamp="2025-06-05T16:52:10.671+00:00" time="0.010">
        </testcase>
        <testcase name="authn::external::spoof::test::test_spoof_reserved_values" classname="nexus-auth" timestamp="2025-06-05T16:52:10.681+00:00" time="0.009">
        </testcase>
        <testcase name="authn::external::test::test_authn_sequence" classname="nexus-auth" timestamp="2025-06-05T16:52:10.690+00:00" time="0.011">
        </testcase>
        <testcase name="authn::external::token::test::test_make_header_value" classname="nexus-auth" timestamp="2025-06-05T16:52:10.701+00:00" time="0.009">
        </testcase>
        <testcase name="authn::external::token::test::test_token_header_bad_utf8" classname="nexus-auth" timestamp="2025-06-05T16:52:10.710+00:00" time="0.008">
        </testcase>
        <testcase name="authn::external::token::test::test_token_header_missing" classname="nexus-auth" timestamp="2025-06-05T16:52:10.718+00:00" time="0.010">
        </testcase>
        <testcase name="authn::external::token::test::test_token_header_valid" classname="nexus-auth" timestamp="2025-06-05T16:52:10.728+00:00" time="0.010">
        </testcase>
        <testcase name="authn::test::test_internal_users" classname="nexus-auth" timestamp="2025-06-05T16:52:10.738+00:00" time="0.009">
        </testcase>
        <testcase name="authz::context::test::test_unregistered_resource" classname="nexus-auth" timestamp="2025-06-05T16:52:10.748+00:00" time="0.064">
        </testcase>
        <testcase name="authz::oso_generic::test::test_duplicate_polar_classes" classname="nexus-auth" timestamp="2025-06-05T16:52:10.812+00:00" time="0.013">
        </testcase>
        <testcase name="context::test::test_background_context" classname="nexus-auth" timestamp="2025-06-05T16:52:10.826+00:00" time="0.051">
        </testcase>
        <testcase name="context::test::test_child_context" classname="nexus-auth" timestamp="2025-06-05T16:52:10.834+00:00" time="0.046">
        </testcase>
        <testcase name="context::test::test_test_context" classname="nexus-auth" timestamp="2025-06-05T16:52:10.876+00:00" time="0.035">
        </testcase>
    </testsuite>
    <testsuite name="nexus-config" tests="10" disabled="0" errors="0" failures="0">
        <testcase name="nexus_config::test::test_bad_authn_schemes" classname="nexus-config" timestamp="2025-06-05T16:52:10.880+00:00" time="0.012">
        </testcase>
        <testcase name="nexus_config::test::test_config_bad_toml" classname="nexus-config" timestamp="2025-06-05T16:52:10.892+00:00" time="0.016">
        </testcase>
        <testcase name="nexus_config::test::test_config_empty" classname="nexus-config" timestamp="2025-06-05T16:52:10.908+00:00" time="0.006">
        </testcase>
        <testcase name="nexus_config::test::test_config_nonexistent" classname="nexus-config" timestamp="2025-06-05T16:52:10.912+00:00" time="0.004">
        </testcase>
        <testcase name="nexus_config::test::test_deployment_config_schema" classname="nexus-config" timestamp="2025-06-05T16:52:10.913+00:00" time="0.006">
        </testcase>
        <testcase name="nexus_config::test::test_invalid_ipv4_prefix_tunable" classname="nexus-config" timestamp="2025-06-05T16:52:10.916+00:00" time="0.007">
        </testcase>
        <testcase name="nexus_config::test::test_valid" classname="nexus-config" timestamp="2025-06-05T16:52:10.923+00:00" time="0.013">
        </testcase>
        <testcase name="postgres_config::test::test_bad_url" classname="nexus-config" timestamp="2025-06-05T16:52:10.936+00:00" time="0.005">
        </testcase>
        <testcase name="nexus_config::test::test_repo_configs_are_valid" classname="nexus-config" timestamp="2025-06-05T16:52:10.919+00:00" time="0.024">
        </testcase>
        <testcase name="postgres_config::test::test_example_url" classname="nexus-config" timestamp="2025-06-05T16:52:10.941+00:00" time="0.005">
        </testcase>
    </testsuite>
    <testsuite name="nexus-db-fixed-data" tests="5" disabled="0" errors="0" failures="0">
        <testcase name="role_builtin::test::test_fixed_role_data" classname="nexus-db-fixed-data" timestamp="2025-06-05T16:52:10.943+00:00" time="0.007">
        </testcase>
        <testcase name="silo_user::test::test_silo_user_ids_are_valid" classname="nexus-db-fixed-data" timestamp="2025-06-05T16:52:10.946+00:00" time="0.008">
        </testcase>
        <testcase name="test::test_allowlist_id_is_valid" classname="nexus-db-fixed-data" timestamp="2025-06-05T16:52:10.950+00:00" time="0.007">
        </testcase>
        <testcase name="test::test_builtin_fleet_id_is_valid" classname="nexus-db-fixed-data" timestamp="2025-06-05T16:52:10.954+00:00" time="0.006">
        </testcase>
        <testcase name="user_builtin::test::test_builtin_user_ids_are_valid" classname="nexus-db-fixed-data" timestamp="2025-06-05T16:52:10.957+00:00" time="0.006">
        </testcase>
    </testsuite>
    <testsuite name="nexus-db-model" tests="24" disabled="0" errors="0" failures="0">
        <testcase name="alert_class::tests::test_from_str_roundtrips" classname="nexus-db-model" timestamp="2025-06-05T16:52:10.963+00:00" time="0.008">
        </testcase>
        <testcase name="alert_class::tests::test_is_test" classname="nexus-db-model" timestamp="2025-06-05T16:52:10.971+00:00" time="0.007">
        </testcase>
        <testcase name="alert_subscription::test::test_alert_class_glob_to_regex" classname="nexus-db-model" timestamp="2025-06-05T16:52:10.978+00:00" time="0.010">
        </testcase>
        <testcase name="alert_subscription::test::test_invalid_subscription_parsing" classname="nexus-db-model" timestamp="2025-06-05T16:52:10.988+00:00" time="0.009">
        </testcase>
        <testcase name="alert_subscription::test::test_valid_subscription_parsing" classname="nexus-db-model" timestamp="2025-06-05T16:52:10.997+00:00" time="0.031">
        </testcase>
        <testcase name="bytecount::test::test_bytecount_i64_conversions" classname="nexus-db-model" timestamp="2025-06-05T16:52:11.028+00:00" time="0.011">
        </testcase>
        <testcase name="bytecount::test::test_pg_numeric_to_byte_count" classname="nexus-db-model" timestamp="2025-06-05T16:52:11.039+00:00" time="0.012">
        </testcase>
        <testcase name="device_auth::test::test_generate_user_code" classname="nexus-db-model" timestamp="2025-06-05T16:52:11.051+00:00" time="0.012">
        </testcase>
        <testcase name="instance_state::tests::test_from_str_roundtrips" classname="nexus-db-model" timestamp="2025-06-05T16:52:11.063+00:00" time="0.024">
        </testcase>
        <testcase name="inventory::test::test_inv_nvme_disk_firmware" classname="nexus-db-model" timestamp="2025-06-05T16:52:11.087+00:00" time="0.018">
        </testcase>
        <testcase name="role_assignment::tests::test_role_assignment_from_database" classname="nexus-db-model" timestamp="2025-06-05T16:52:11.105+00:00" time="0.034">
        </testcase>
        <testcase name="schema_versions::test::test_allows_valid_up_sql_collections" classname="nexus-db-model" timestamp="2025-06-05T16:52:11.139+00:00" time="0.032">
        </testcase>
        <testcase name="schema_versions::test::test_known_versions" classname="nexus-db-model" timestamp="2025-06-05T16:52:11.171+00:00" time="0.011">
        </testcase>
        <testcase name="schema_versions::test::test_reject_invalid_up_sql_collections" classname="nexus-db-model" timestamp="2025-06-05T16:52:11.182+00:00" time="0.026">
        </testcase>
        <testcase name="schema_versions::test::test_reject_invalid_up_sql_names" classname="nexus-db-model" timestamp="2025-06-05T16:52:11.208+00:00" time="0.019">
        </testcase>
        <testcase name="schema_versions::test::test_reject_no_up_sql_files" classname="nexus-db-model" timestamp="2025-06-05T16:52:11.227+00:00" time="0.027">
        </testcase>
        <testcase name="schema_versions::test::test_verify" classname="nexus-db-model" timestamp="2025-06-05T16:52:11.255+00:00" time="0.009">
        </testcase>
        <testcase name="semver_version::test::test_to_from_sortable_string" classname="nexus-db-model" timestamp="2025-06-05T16:52:11.264+00:00" time="0.009">
        </testcase>
        <testcase name="tests::test_ip_subnet_check_requestable_address" classname="nexus-db-model" timestamp="2025-06-05T16:52:11.273+00:00" time="0.009">
        </testcase>
        <testcase name="tests::test_ipv6_net_random_subnet" classname="nexus-db-model" timestamp="2025-06-05T16:52:11.283+00:00" time="0.010">
        </testcase>
        <testcase name="tests::test_roles_database_strings" classname="nexus-db-model" timestamp="2025-06-05T16:52:11.293+00:00" time="0.010">
        </testcase>
        <testcase name="tests::test_vpc_subnet_check_requestable_addr" classname="nexus-db-model" timestamp="2025-06-05T16:52:11.304+00:00" time="0.011">
        </testcase>
        <testcase name="vmm_state::tests::test_all_terminal_api_states_are_terminal_db_states" classname="nexus-db-model" timestamp="2025-06-05T16:52:11.314+00:00" time="0.016">
        </testcase>
        <testcase name="vmm_state::tests::test_from_str_roundtrips" classname="nexus-db-model" timestamp="2025-06-05T16:52:11.330+00:00" time="0.008">
        </testcase>
    </testsuite>
    <testsuite name="nexus-db-queries" tests="303" disabled="0" errors="0" failures="0">
        <testcase name="db::collection_attach::test::test_attach_beyond_capacity_fails" classname="nexus-db-queries" timestamp="2025-06-05T16:52:11.338+00:00" time="2.708">
        </testcase>
        <testcase name="db::collection_attach::test::test_attach_deleted_resource_fails" classname="nexus-db-queries" timestamp="2025-06-05T16:52:14.047+00:00" time="2.784">
        </testcase>
        <testcase name="db::collection_attach::test::test_attach_missing_collection_fails" classname="nexus-db-queries" timestamp="2025-06-05T16:52:15.601+00:00" time="2.884">
        </testcase>
        <testcase name="db::collection_attach::test::test_attach_missing_resource_fails" classname="nexus-db-queries" timestamp="2025-06-05T16:52:16.831+00:00" time="2.968">
        </testcase>
        <testcase name="db::collection_attach::test::test_attach_multiple_times" classname="nexus-db-queries" timestamp="2025-06-05T16:52:18.484+00:00" time="3.273">
        </testcase>
        <testcase name="db::collection_attach::test::test_attach_once" classname="nexus-db-queries" timestamp="2025-06-05T16:52:19.799+00:00" time="2.751">
        </testcase>
[...]
        </testcase>
        <testcase name="dataset_serialization_task::tests::transient_zone_ensured_after_transient_zone_root" classname="sled-agent-config-reconciler" timestamp="2025-06-05T17:33:33.984+00:00" time="1.049">
        </testcase>
        <testcase name="internal_disks::tests::firmware_updates_are_propagated" classname="sled-agent-config-reconciler" timestamp="2025-06-05T17:33:35.033+00:00" time="0.016">
        </testcase>
        <testcase name="internal_disks::tests::only_m2_disks_are_adopted" classname="sled-agent-config-reconciler" timestamp="2025-06-05T17:33:35.049+00:00" time="0.004">
        </testcase>
        <testcase name="internal_disks::tests::removed_disks_are_propagated" classname="sled-agent-config-reconciler" timestamp="2025-06-05T17:33:35.053+00:00" time="0.004">
        </testcase>
        <testcase name="dataset_serialization_task::tests::ensure_dataset_calls_skipped_if_not_needed" classname="sled-agent-config-reconciler" timestamp="2025-06-05T17:33:32.077+00:00" time="2.990">
        </testcase>
        <testcase name="ledger::legacy_configs::tests::convert_legacy_ledgers_merges_old_configs" classname="sled-agent-config-reconciler" timestamp="2025-06-05T17:33:35.057+00:00" time="0.019">
        </testcase>
        <testcase name="ledger::legacy_configs::tests::convert_legacy_ledgers_returns_none_if_no_legacy_configs" classname="sled-agent-config-reconciler" timestamp="2025-06-05T17:33:35.076+00:00" time="0.004">
        </testcase>
        <testcase name="ledger::legacy_configs::tests::test_merge_old_configs" classname="sled-agent-config-reconciler" timestamp="2025-06-05T17:33:35.080+00:00" time="0.012">
        </testcase>
        <testcase name="ledger::tests::convert_legacy_ledgers_if_present" classname="sled-agent-config-reconciler" timestamp="2025-06-05T17:33:35.091+00:00" time="0.015">
        </testcase>
        <testcase name="ledger::tests::first_config_is_ledgered" classname="sled-agent-config-reconciler" timestamp="2025-06-05T17:33:35.106+00:00" time="0.004">
        </testcase>
        <testcase name="ledger::tests::read_existing_config" classname="sled-agent-config-reconciler" timestamp="2025-06-05T17:33:35.111+00:00" time="0.004">
        </testcase>
        <testcase name="ledger::tests::reject_artifact_configs_removing_referenced_artifacts" classname="sled-agent-config-reconciler" timestamp="2025-06-05T17:33:35.115+00:00" time="0.004">
        </testcase>
        <testcase name="ledger::tests::reject_config_changed_without_generation_bump" classname="sled-agent-config-reconciler" timestamp="2025-06-05T17:33:35.119+00:00" time="0.004">
        </testcase>
        <testcase name="ledger::tests::reject_configs_referencing_nonexistent_artifacts" classname="sled-agent-config-reconciler" timestamp="2025-06-05T17:33:35.123+00:00" time="0.005">
        </testcase>
        <testcase name="ledger::tests::reject_old_config_generation" classname="sled-agent-config-reconciler" timestamp="2025-06-05T17:33:35.128+00:00" time="0.005">
        </testcase>
        <testcase name="ledger::tests::wait_for_at_least_one_internal_disk" classname="sled-agent-config-reconciler" timestamp="2025-06-05T17:33:35.133+00:00" time="0.004">
        </testcase>
        <testcase name="ledger::legacy_configs::tests::convert_legacy_ledgers_panics_if_partial_legacy_configs" classname="sled-agent-config-reconciler" timestamp="2025-06-05T17:33:35.068+00:00" time="0.426">
        </testcase>
        <testcase name="internal_disks::tests::failures_are_retried" classname="sled-agent-config-reconciler" timestamp="2025-06-05T17:33:34.332+00:00" time="1.264">
        </testcase>
        <testcase name="raw_disks::tests::proptest_raw_disk_changes" classname="sled-agent-config-reconciler" timestamp="2025-06-05T17:33:35.137+00:00" time="1.244">
        </testcase>
        <testcase name="reconciler_task::external_disks::tests::fail_if_disk_not_present" classname="sled-agent-config-reconciler" timestamp="2025-06-05T17:33:35.494+00:00" time="2.266">
        </testcase>
        <testcase name="reconciler_task::external_disks::tests::internal_disks_are_rejected" classname="sled-agent-config-reconciler" timestamp="2025-06-05T17:33:36.381+00:00" time="2.462">
        </testcase>
        <testcase name="reconciler_task::zones::tests::shutdown_dns_does_dns_specific_cleanup" classname="sled-agent-config-reconciler" timestamp="2025-06-05T17:33:38.843+00:00" time="0.007">
        </testcase>
        <testcase name="reconciler_task::zones::tests::shutdown_retries_after_failed_halt" classname="sled-agent-config-reconciler" timestamp="2025-06-05T17:33:38.851+00:00" time="0.006">
        </testcase>
        <testcase name="reconciler_task::zones::tests::start_zones_that_previously_failed_to_start" classname="sled-agent-config-reconciler" timestamp="2025-06-05T17:33:38.856+00:00" time="0.007">
        </testcase>
        <testcase name="reconciler_task::external_disks::tests::firmware_updates_are_propagated" classname="sled-agent-config-reconciler" timestamp="2025-06-05T17:33:35.596+00:00" time="3.446">
        </testcase>
        <testcase name="dataset_serialization_task::tests::nested_dataset_operations" classname="sled-agent-config-reconciler" timestamp="2025-06-05T17:33:32.469+00:00" time="7.496">
        </testcase>
        <testcase name="reconciler_task::external_disks::tests::remove_disks_not_in_config" classname="sled-agent-config-reconciler" timestamp="2025-06-05T17:33:37.760+00:00" time="3.688">
        </testcase>
    </testsuite>
    <testsuite name="oximeter-producer" tests="1" disabled="0" errors="0" failures="0">
        <testcase name="tests::test_producer_registration_task" classname="oximeter-producer" timestamp="2025-06-05T17:33:31.419+00:00" time="2.667">
        </testcase>
    </testsuite>
    <testsuite name="sled-agent-types" tests="12" disabled="0" errors="0" failures="0">
        <testcase name="early_networking::tests::serialized_early_network_config_v0_to_v2_conversion" classname="sled-agent-types" timestamp="2025-06-05T17:33:38.863+00:00" time="0.005">
        </testcase>
        <testcase name="early_networking::tests::serialized_early_network_config_v1_to_v2_conversion" classname="sled-agent-types" timestamp="2025-06-05T17:33:38.868+00:00" time="0.004">
        </testcase>
        <testcase name="rack_init::tests::parse_rack_initialization" classname="sled-agent-types" timestamp="2025-06-05T17:33:38.872+00:00" time="0.006">
        </testcase>
        <testcase name="rack_init::tests::parse_rack_initialization_weak_hash" classname="sled-agent-types" timestamp="2025-06-05T17:33:38.879+00:00" time="0.003">
        </testcase>
        <testcase name="rack_init::tests::test_extra_certs" classname="sled-agent-types" timestamp="2025-06-05T17:33:38.882+00:00" time="0.011">
        </testcase>
        <testcase name="rack_init::tests::test_subnets" classname="sled-agent-types" timestamp="2025-06-05T17:33:38.894+00:00" time="0.003">
        </testcase>
        <testcase name="rack_init::tests::validate_external_dns_ips_must_be_in_internal_services_ip_pools" classname="sled-agent-types" timestamp="2025-06-05T17:33:38.897+00:00" time="0.007">
        </testcase>
        <testcase name="sled::tests::serialize_start_sled_agent_v0_deserialize_v1" classname="sled-agent-types" timestamp="2025-06-05T17:33:38.904+00:00" time="0.003">
        </testcase>
        <testcase name="zone_bundle::tests::test_compare_bundles" classname="sled-agent-types" timestamp="2025-06-05T17:33:38.908+00:00" time="0.004">
        </testcase>
        <testcase name="zone_bundle::tests::test_priority_dimension" classname="sled-agent-types" timestamp="2025-06-05T17:33:38.912+00:00" time="0.003">
        </testcase>
        <testcase name="zone_bundle::tests::test_sort_zone_bundle_cause" classname="sled-agent-types" timestamp="2025-06-05T17:33:38.915+00:00" time="0.003">
        </testcase>
        <testcase name="zone_bundle::tests::test_storage_limit_bytes_available" classname="sled-agent-types" timestamp="2025-06-05T17:33:38.918+00:00" time="0.003">
        </testcase>
    </testsuite>
    <testsuite name="sled-agent-zone-images" tests="9" disabled="0" errors="0" failures="0">
        <testcase name="mupdate_override::tests::read_boot_absent_other_present" classname="sled-agent-zone-images" timestamp="2025-06-05T17:33:38.920+00:00" time="0.004">
        </testcase>
        <testcase name="mupdate_override::tests::read_boot_install_dataset_missing" classname="sled-agent-zone-images" timestamp="2025-06-05T17:33:38.924+00:00" time="0.004">
        </testcase>
        <testcase name="mupdate_override::tests::read_boot_install_dataset_not_dir" classname="sled-agent-zone-images" timestamp="2025-06-05T17:33:38.928+00:00" time="0.005">
        </testcase>
        <testcase name="mupdate_override::tests::read_boot_present_other_absent" classname="sled-agent-zone-images" timestamp="2025-06-05T17:33:38.933+00:00" time="0.003">
        </testcase>
        <testcase name="mupdate_override::tests::read_boot_read_error" classname="sled-agent-zone-images" timestamp="2025-06-05T17:33:38.936+00:00" time="0.003">
        </testcase>
        <testcase name="mupdate_override::tests::read_both_absent" classname="sled-agent-zone-images" timestamp="2025-06-05T17:33:38.940+00:00" time="0.005">
        </testcase>
        <testcase name="mupdate_override::tests::read_both_present" classname="sled-agent-zone-images" timestamp="2025-06-05T17:33:38.945+00:00" time="0.009">
        </testcase>
        <testcase name="mupdate_override::tests::read_different_values" classname="sled-agent-zone-images" timestamp="2025-06-05T17:33:38.954+00:00" time="0.004">
        </testcase>
        <testcase name="mupdate_override::tests::read_solo_boot_disk" classname="sled-agent-zone-images" timestamp="2025-06-05T17:33:38.958+00:00" time="0.005">
        </testcase>
    </testsuite>
    <testsuite name="sled-diagnostics" tests="5" disabled="0" errors="0" failures="0">
        <testcase name="logs::test::test_sort_cockroach_extra_logs" classname="sled-diagnostics" timestamp="2025-06-05T17:33:38.963+00:00" time="0.003">
        </testcase>
        <testcase name="queries::test::test_command_stderr_is_correct" classname="sled-diagnostics" timestamp="2025-06-05T17:33:38.967+00:00" time="0.005">
        </testcase>
        <testcase name="queries::test::test_command_stdout_is_correct" classname="sled-diagnostics" timestamp="2025-06-05T17:33:38.971+00:00" time="0.006">
        </testcase>
        <testcase name="queries::test::test_command_stdout_stderr_are_interleaved" classname="sled-diagnostics" timestamp="2025-06-05T17:33:38.977+00:00" time="0.005">
        </testcase>
        <testcase name="queries::test::test_long_running_command_is_aborted" classname="sled-diagnostics" timestamp="2025-06-05T17:33:38.982+00:00" time="0.505">
        </testcase>
    </testsuite>
    <testsuite name="sled-hardware" tests="2" disabled="0" errors="0" failures="0">
        <testcase name="disk::test::test_disk_paths" classname="sled-hardware" timestamp="2025-06-05T17:33:39.042+00:00" time="0.003">
        </testcase>
        <testcase name="disk::test::test_partition_device_paths" classname="sled-hardware" timestamp="2025-06-05T17:33:39.045+00:00" time="0.003">
        </testcase>
    </testsuite>
    <testsuite name="sled-hardware-types" tests="1" disabled="0" errors="0" failures="0">
        <testcase name="underlay::tests::test_mac_to_bootstrap_ip" classname="sled-hardware-types" timestamp="2025-06-05T17:33:39.048+00:00" time="0.003">
        </testcase>
    </testsuite>
    <testsuite name="sled-storage" tests="3" disabled="0" errors="0" failures="0">
        <testcase name="dataset::test::serialize_dataset_name" classname="sled-storage" timestamp="2025-06-05T17:33:39.051+00:00" time="0.003">
        </testcase>
        <testcase name="manager::test::test_datasets_schema" classname="sled-storage" timestamp="2025-06-05T17:33:39.054+00:00" time="0.004">
        </testcase>
        <testcase name="manager::test::test_omicron_physical_disks_schema" classname="sled-storage" timestamp="2025-06-05T17:33:39.058+00:00" time="0.004">
        </testcase>
    </testsuite>
    <testsuite name="trust-quorum" tests="4" disabled="0" errors="0" failures="0">
        <testcase name="node::tests::initial_configuration" classname="trust-quorum" timestamp="2025-06-05T17:33:39.487+00:00" time="0.175">
        </testcase>
        <testcase name="crypto::tests::rack_secret_test" classname="trust-quorum" timestamp="2025-06-05T17:33:39.062+00:00" time="0.643">
        </testcase>
        <testcase name="validators::tests::test_validate_reconfigure_msg_failure" classname="trust-quorum" timestamp="2025-06-05T17:33:39.662+00:00" time="0.103">
        </testcase>
        <testcase name="validators::tests::test_validate_reconfigure_msg_new_success" classname="trust-quorum" timestamp="2025-06-05T17:33:39.703+00:00" time="0.128">
        </testcase>
    </testsuite>
    <testsuite name="update-common" tests="11" disabled="0" errors="0" failures="0">
        <testcase name="artifacts::artifacts_with_plan::tests::test_extract_fake" classname="update-common" timestamp="2025-06-05T17:33:39.765+00:00" time="0.340">
        </testcase>
        <testcase name="artifacts::update_plan::tests::test_bad_hubris_cabooses" classname="update-common" timestamp="2025-06-05T17:33:40.105+00:00" time="0.021">
        </testcase>
        <testcase name="artifacts::artifacts_with_plan::tests::test_extract_fake_split" classname="update-common" timestamp="2025-06-05T17:33:39.831+00:00" time="0.322">
        </testcase>
        <testcase name="artifacts::update_plan::tests::test_bad_rot_versions" classname="update-common" timestamp="2025-06-05T17:33:40.126+00:00" time="0.047">
        </testcase>
        <testcase name="artifacts::update_plan::tests::test_multi_rot_bord" classname="update-common" timestamp="2025-06-05T17:33:40.153+00:00" time="0.042">
        </testcase>
        <testcase name="artifacts::update_plan::tests::test_split_control_plane" classname="update-common" timestamp="2025-06-05T17:33:40.195+00:00" time="0.011">
        </testcase>
        <testcase name="artifacts::update_plan::tests::test_too_many_rot_bootloaders" classname="update-common" timestamp="2025-06-05T17:33:40.205+00:00" time="0.008">
        </testcase>
        <testcase name="artifacts::update_plan::tests::test_multi_rot_version" classname="update-common" timestamp="2025-06-05T17:33:40.173+00:00" time="0.052">
        </testcase>
        <testcase name="artifacts::update_plan::tests::test_too_many_rot_bord" classname="update-common" timestamp="2025-06-05T17:33:40.213+00:00" time="0.016">
        </testcase>
        <testcase name="artifacts::update_plan::tests::test_update_plan_from_artifacts" classname="update-common" timestamp="2025-06-05T17:33:40.226+00:00" time="0.043">
        </testcase>
        <testcase name="artifacts::artifacts_with_plan::tests::test_fake_archive_idempotent" classname="update-common" timestamp="2025-06-05T17:33:39.966+00:00" time="2.539">
        </testcase>
    </testsuite>
    <testsuite name="update-engine" tests="8" disabled="0" errors="0" failures="0">
        <testcase name="display::group_display::tests::test_stats" classname="update-engine" timestamp="2025-06-05T17:33:40.269+00:00" time="0.032">
        </testcase>
        <testcase name="display::line_display_shared::tests::test_format_progress_counter" classname="update-engine" timestamp="2025-06-05T17:33:40.301+00:00" time="0.004">
        </testcase>
        <testcase name="display::line_display_shared::tests::test_start_line" classname="update-engine" timestamp="2025-06-05T17:33:40.304+00:00" time="0.004">
        </testcase>
        <testcase name="engine::tests::error_exits_early" classname="update-engine" timestamp="2025-06-05T17:33:40.308+00:00" time="0.005">
        </testcase>
        <testcase name="events::tests::progress_event_parse_unknown" classname="update-engine" timestamp="2025-06-05T17:33:40.314+00:00" time="0.005">
        </testcase>
        <testcase name="events::tests::step_event_parse_unknown" classname="update-engine" timestamp="2025-06-05T17:33:40.319+00:00" time="0.006">
        </testcase>
        <testcase name="spec::tests::test_merge_anyhow_list" classname="update-engine" timestamp="2025-06-05T17:33:40.325+00:00" time="0.004">
        </testcase>
        <testcase name="buffer::tests::test_buffer" classname="update-engine" timestamp="2025-06-05T17:33:40.229+00:00" time="0.155">
        </testcase>
    </testsuite>
    <testsuite name="trust-quorum::coordinator" tests="1" disabled="0" errors="0" failures="0">
        <testcase name="test_coordinator_behavior_from_empty_state" classname="trust-quorum::coordinator" timestamp="2025-06-05T17:33:39.705+00:00" time="0.630">
        </testcase>
    </testsuite>
    <testsuite name="wicket" tests="4" disabled="0" errors="0" failures="0">
        <testcase name="cli::rack_setup::config_toml::tests::round_trip_nonempty_config" classname="wicket" timestamp="2025-06-05T17:33:40.329+00:00" time="0.010">
        </testcase>
        <testcase name="state::rack::tests::prev_next_are_opposites" classname="wicket" timestamp="2025-06-05T17:33:40.339+00:00" time="0.004">
        </testcase>
        <testcase name="state::inventory::tests::component_id_display" classname="wicket" timestamp="2025-06-05T17:33:40.339+00:00" time="0.004">
        </testcase>
        <testcase name="state::rack::tests::up_down_are_opposites" classname="wicket" timestamp="2025-06-05T17:33:40.343+00:00" time="0.003">
        </testcase>
    </testsuite>
    <testsuite name="wicket-common" tests="1" disabled="0" errors="0" failures="0">
        <testcase name="rack_setup::tests::roundtrip_import_export_policy" classname="wicket-common" timestamp="2025-06-05T17:33:40.347+00:00" time="0.004">
        </testcase>
    </testsuite>
    <testsuite name="wicketd" tests="2" disabled="0" errors="0" failures="0">
        <testcase name="installinator_progress::tests::test_states" classname="wicketd" timestamp="2025-06-05T17:33:40.351+00:00" time="0.006">
        </testcase>
        <testcase name="rss_config::tests::test_bgp_auth_key_states" classname="wicketd" timestamp="2025-06-05T17:33:40.357+00:00" time="0.005">
        </testcase>
    </testsuite>
    <testsuite name="wicket::mod" tests="1" disabled="0" errors="0" failures="0">
        <testcase name="integration_tests::command_tests::test_wicket_ssh_force_command_like" classname="wicket::mod" timestamp="2025-06-05T17:33:40.343+00:00" time="0.032">
        </testcase>
    </testsuite>
    <testsuite name="wicketd::mod" tests="4" disabled="0" errors="0" failures="0">
        <testcase name="integration_tests::inventory::test_inventory" classname="wicketd::mod" timestamp="2025-06-05T17:33:40.362+00:00" time="0.454">
        </testcase>
        <testcase name="integration_tests::updates::test_update_races" classname="wicketd::mod" timestamp="2025-06-05T17:33:40.384+00:00" time="0.655">
        </testcase>
        <testcase name="integration_tests::updates::test_installinator_fetch" classname="wicketd::mod" timestamp="2025-06-05T17:33:40.376+00:00" time="0.770">
        </testcase>
        <testcase name="integration_tests::updates::test_updates" classname="wicketd::mod" timestamp="2025-06-05T17:33:40.816+00:00" time="2.658">
        </testcase>
    </testsuite>
    <testsuite name="oximeter-db::integration_test" tests="2" disabled="0" errors="0" failures="0">
        <testcase name="test_schemas_disjoint" classname="oximeter-db::integration_test" timestamp="2025-06-05T17:33:31.394+00:00" time="15.687">
        </testcase>
        <testcase name="test_cluster" classname="oximeter-db::integration_test" timestamp="2025-06-05T17:33:31.393+00:00" time="17.424">
        </testcase>
    </testsuite>
</testsuites>
